Log file open, 07/10/17 14:17:48
LogInit:Display: Running engine for game: Day1K
LogPlatformFile: Not using cached read wrapper
LogInit:Display: RandInit(480695520) SRandInit(480695520).
LogTaskGraph: Started task graph with 5 named threads and 6 total threads with 1 sets of task threads.
LogStats: Stats thread started at 0.057536
LogPluginManager: Loaded Plugin Paper2D, From C:/Program Files (x86)/Epic Games/4.14/Engine/Plugins/2D/Paper2D/Paper2D.uplugin
LogPluginManager: Loaded Plugin LightPropagationVolume, From C:/Program Files (x86)/Epic Games/4.14/Engine/Plugins/Blendables/LightPropagationVolume/LightPropagationVolume.uplugin
LogPluginManager: Loaded Plugin BlankPlugin, From C:/Program Files (x86)/Epic Games/4.14/Engine/Plugins/Developer/BlankPlugin/BlankPlugin.uplugin
LogPluginManager: Loaded Plugin CodeLiteSourceCodeAccess, From C:/Program Files (x86)/Epic Games/4.14/Engine/Plugins/Developer/CodeLiteSourceCodeAccess/CodeLiteSourceCodeAccess.uplugin
LogPluginManager: Loaded Plugin GitSourceControl, From C:/Program Files (x86)/Epic Games/4.14/Engine/Plugins/Developer/GitSourceControl/GitSourceControl.uplugin
LogPluginManager: Loaded Plugin KDevelopSourceCodeAccess, From C:/Program Files (x86)/Epic Games/4.14/Engine/Plugins/Developer/KDevelopSourceCodeAccess/KDevelopSourceCodeAccess.uplugin
LogPluginManager: Loaded Plugin NullSourceCodeAccess, From C:/Program Files (x86)/Epic Games/4.14/Engine/Plugins/Developer/NullSourceCodeAccess/NullSourceCodeAccess.uplugin
LogPluginManager: Loaded Plugin OneSkyLocalizationService, From C:/Program Files (x86)/Epic Games/4.14/Engine/Plugins/Developer/OneSkyLocalizationService/OneSkyLocalizationService.uplugin
LogPluginManager: Loaded Plugin PerforceSourceControl, From C:/Program Files (x86)/Epic Games/4.14/Engine/Plugins/Developer/PerforceSourceControl/PerforceSourceControl.uplugin
LogPluginManager: Loaded Plugin SubversionSourceControl, From C:/Program Files (x86)/Epic Games/4.14/Engine/Plugins/Developer/SubversionSourceControl/SubversionSourceControl.uplugin
LogPluginManager: Loaded Plugin UObjectPlugin, From C:/Program Files (x86)/Epic Games/4.14/Engine/Plugins/Developer/UObjectPlugin/UObjectPlugin.uplugin
LogPluginManager: Loaded Plugin VisualStudioSourceCodeAccess, From C:/Program Files (x86)/Epic Games/4.14/Engine/Plugins/Developer/VisualStudioSourceCodeAccess/VisualStudioSourceCodeAccess.uplugin
LogPluginManager: Loaded Plugin XCodeSourceCodeAccess, From C:/Program Files (x86)/Epic Games/4.14/Engine/Plugins/Developer/XCodeSourceCodeAccess/XCodeSourceCodeAccess.uplugin
LogPluginManager: Loaded Plugin AudioCapture, From C:/Program Files (x86)/Epic Games/4.14/Engine/Plugins/Editor/AudioCapture/AudioCapture.uplugin
LogPluginManager: Loaded Plugin EpicSurvey, From C:/Program Files (x86)/Epic Games/4.14/Engine/Plugins/Editor/EpicSurvey/EpicSurvey.uplugin
LogPluginManager: Loaded Plugin MacGraphicsSwitching, From C:/Program Files (x86)/Epic Games/4.14/Engine/Plugins/Editor/MacGraphicsSwitching/MacGraphicsSwitching.uplugin
LogPluginManager: Loaded Plugin MobileLauncherProfileWizard, From C:/Program Files (x86)/Epic Games/4.14/Engine/Plugins/Editor/MobileLauncherProfileWizard/MobileLauncherProfileWizard.uplugin
LogPluginManager: Loaded Plugin PluginBrowser, From C:/Program Files (x86)/Epic Games/4.14/Engine/Plugins/Editor/PluginBrowser/PluginBrowser.uplugin
LogPluginManager: Loaded Plugin SpeedTreeImporter, From C:/Program Files (x86)/Epic Games/4.14/Engine/Plugins/Editor/SpeedTreeImporter/SpeedTreeImporter.uplugin
LogPluginManager: Loaded Plugin SuperSearchEditor, From C:/Program Files (x86)/Epic Games/4.14/Engine/Plugins/Editor/SuperSearchEditor/SuperSearchEditor.uplugin
LogPluginManager: Loaded Plugin AlembicImporter, From C:/Program Files (x86)/Epic Games/4.14/Engine/Plugins/Experimental/AlembicImporter/AlembicImporter.uplugin
LogPluginManager: Loaded Plugin BlueprintStats, From C:/Program Files (x86)/Epic Games/4.14/Engine/Plugins/Experimental/BlueprintStats/BlueprintStats.uplugin
LogPluginManager: Loaded Plugin CharacterAI, From C:/Program Files (x86)/Epic Games/4.14/Engine/Plugins/Experimental/CharacterAI/CharacterAI.uplugin
LogPluginManager: Loaded Plugin CodeEditor, From C:/Program Files (x86)/Epic Games/4.14/Engine/Plugins/Experimental/CodeEditor/CodeEditor.uplugin
LogPluginManager: Loaded Plugin CodeView, From C:/Program Files (x86)/Epic Games/4.14/Engine/Plugins/Experimental/CodeView/CodeView.uplugin
LogPluginManager: Loaded Plugin HTML5Networking, From C:/Program Files (x86)/Epic Games/4.14/Engine/Plugins/Experimental/HTML5Networking/HTML5Networking.uplugin
LogPluginManager: Loaded Plugin OSVR, From C:/Program Files (x86)/Epic Games/4.14/Engine/Plugins/Experimental/OSVR/OSVR.uplugin
LogPluginManager: Loaded Plugin Phya, From C:/Program Files (x86)/Epic Games/4.14/Engine/Plugins/Experimental/Phya/Phya.uplugin
LogPluginManager: Loaded Plugin SignificanceManager, From C:/Program Files (x86)/Epic Games/4.14/Engine/Plugins/Experimental/SignificanceManager/SignificanceManager.uplugin
LogPluginManager: Loaded Plugin SimpleHMD, From C:/Program Files (x86)/Epic Games/4.14/Engine/Plugins/Experimental/SimpleHMD/SimpleHMD.uplugin
LogPluginManager: Loaded Plugin StereoPanorama, From C:/Program Files (x86)/Epic Games/4.14/Engine/Plugins/Experimental/StereoPanorama/StereoPanorama.uplugin
LogPluginManager: Loaded Plugin StructBox, From C:/Program Files (x86)/Epic Games/4.14/Engine/Plugins/Experimental/StructBox/StructBox.uplugin
LogPluginManager: Loaded Plugin AndroidMedia, From C:/Program Files (x86)/Epic Games/4.14/Engine/Plugins/Media/AndroidMedia/AndroidMedia.uplugin
LogPluginManager: Loaded Plugin AvfMedia, From C:/Program Files (x86)/Epic Games/4.14/Engine/Plugins/Media/AvfMedia/AvfMedia.uplugin
LogPluginManager: Loaded Plugin MediaPlayerEditor, From C:/Program Files (x86)/Epic Games/4.14/Engine/Plugins/Media/MediaPlayerEditor/MediaPlayerEditor.uplugin
LogPluginManager: Loaded Plugin WmfMedia, From C:/Program Files (x86)/Epic Games/4.14/Engine/Plugins/Media/WmfMedia/WmfMedia.uplugin
LogPluginManager: Loaded Plugin MessagingDebugger, From C:/Program Files (x86)/Epic Games/4.14/Engine/Plugins/Messaging/MessagingDebugger/MessagingDebugger.uplugin
LogPluginManager: Loaded Plugin TcpMessaging, From C:/Program Files (x86)/Epic Games/4.14/Engine/Plugins/Messaging/TcpMessaging/TcpMessaging.uplugin
LogPluginManager: Loaded Plugin UdpMessaging, From C:/Program Files (x86)/Epic Games/4.14/Engine/Plugins/Messaging/UdpMessaging/UdpMessaging.uplugin
LogPluginManager: Loaded Plugin LevelSequenceEditor, From C:/Program Files (x86)/Epic Games/4.14/Engine/Plugins/MovieScene/LevelSequenceEditor/LevelSequenceEditor.uplugin
LogPluginManager: Loaded Plugin MatineeToLevelSequence, From C:/Program Files (x86)/Epic Games/4.14/Engine/Plugins/MovieScene/MatineeToLevelSequence/MatineeToLevelSequence.uplugin
LogPluginManager: Loaded Plugin NetcodeUnitTest, From C:/Program Files (x86)/Epic Games/4.14/Engine/Plugins/NetcodeUnitTest/NetcodeUnitTest/NetcodeUnitTest.uplugin
LogPluginManager: Loaded Plugin NUTUnrealEngine4, From C:/Program Files (x86)/Epic Games/4.14/Engine/Plugins/NetcodeUnitTest/NUTUnrealEngine4/NUTUnrealEngine4.uplugin
LogPluginManager: Loaded Plugin OnlineSubsystemGameCircle, From C:/Program Files (x86)/Epic Games/4.14/Engine/Plugins/Online/Android/OnlineSubsystemGameCircle/OnlineSubsystemGameCircle.uplugin
LogPluginManager: Loaded Plugin OnlineSubsystemGooglePlay, From C:/Program Files (x86)/Epic Games/4.14/Engine/Plugins/Online/Android/OnlineSubsystemGooglePlay/OnlineSubsystemGooglePlay.uplugin
LogPluginManager: Loaded Plugin OnlineSubsystemIOS, From C:/Program Files (x86)/Epic Games/4.14/Engine/Plugins/Online/IOS/OnlineSubsystemIOS/OnlineSubsystemIOS.uplugin
LogPluginManager: Loaded Plugin OnlineFramework, From C:/Program Files (x86)/Epic Games/4.14/Engine/Plugins/Online/OnlineFramework/OnlineFramework.uplugin
LogPluginManager: Loaded Plugin OnlineSubsystem, From C:/Program Files (x86)/Epic Games/4.14/Engine/Plugins/Online/OnlineSubsystem/OnlineSubsystem.uplugin
LogPluginManager: Loaded Plugin OnlineSubsystemAmazon, From C:/Program Files (x86)/Epic Games/4.14/Engine/Plugins/Online/OnlineSubsystemAmazon/OnlineSubsystemAmazon.uplugin
LogPluginManager: Loaded Plugin OnlineSubsystemFacebook, From C:/Program Files (x86)/Epic Games/4.14/Engine/Plugins/Online/OnlineSubsystemFacebook/OnlineSubsystemFacebook.uplugin
LogPluginManager: Loaded Plugin OnlineSubsystemNull, From C:/Program Files (x86)/Epic Games/4.14/Engine/Plugins/Online/OnlineSubsystemNull/OnlineSubsystemNull.uplugin
LogPluginManager: Loaded Plugin OnlineSubsystemOculus, From C:/Program Files (x86)/Epic Games/4.14/Engine/Plugins/Online/OnlineSubsystemOculus/OnlineSubsystemOculus.uplugin
LogPluginManager: Loaded Plugin OnlineSubsystemSteam, From C:/Program Files (x86)/Epic Games/4.14/Engine/Plugins/Online/OnlineSubsystemSteam/OnlineSubsystemSteam.uplugin
LogPluginManager: Loaded Plugin OnlineSubsystemUtils, From C:/Program Files (x86)/Epic Games/4.14/Engine/Plugins/Online/OnlineSubsystemUtils/OnlineSubsystemUtils.uplugin
LogPluginManager: Loaded Plugin IOSTapJoy, From C:/Program Files (x86)/Epic Games/4.14/Engine/Plugins/Runtime/Advertising/IOSTapJoy/IOSTapJoy.uplugin
LogPluginManager: Loaded Plugin AnalyticsBlueprintLibrary, From C:/Program Files (x86)/Epic Games/4.14/Engine/Plugins/Runtime/Analytics/AnalyticsBlueprintLibrary/AnalyticsBlueprintLibrary.uplugin
LogPluginManager: Loaded Plugin AnalyticsMulticast, From C:/Program Files (x86)/Epic Games/4.14/Engine/Plugins/Runtime/Analytics/AnalyticsMulticast/AnalyticsMulticast.uplugin
LogPluginManager: Loaded Plugin Apsalar, From C:/Program Files (x86)/Epic Games/4.14/Engine/Plugins/Runtime/Analytics/Apsalar/Apsalar.uplugin
LogPluginManager: Loaded Plugin FileLogging, From C:/Program Files (x86)/Epic Games/4.14/Engine/Plugins/Runtime/Analytics/FileLogging/FileLogging.uplugin
LogPluginManager: Loaded Plugin Flurry, From C:/Program Files (x86)/Epic Games/4.14/Engine/Plugins/Runtime/Analytics/Flurry/Flurry.uplugin
LogPluginManager: Loaded Plugin AndroidDeviceProfileSelector, From C:/Program Files (x86)/Epic Games/4.14/Engine/Plugins/Runtime/AndroidDeviceProfileSelector/AndroidDeviceProfileSelector.uplugin
LogPluginManager: Loaded Plugin AndroidMoviePlayer, From C:/Program Files (x86)/Epic Games/4.14/Engine/Plugins/Runtime/AndroidMoviePlayer/AndroidMoviePlayer.uplugin
LogPluginManager: Loaded Plugin AppleMoviePlayer, From C:/Program Files (x86)/Epic Games/4.14/Engine/Plugins/Runtime/AppleMoviePlayer/AppleMoviePlayer.uplugin
LogPluginManager: Loaded Plugin ArchVisCharacter, From C:/Program Files (x86)/Epic Games/4.14/Engine/Plugins/Runtime/ArchVisCharacter/ArchVisCharacter.uplugin
LogPluginManager: Loaded Plugin CableComponent, From C:/Program Files (x86)/Epic Games/4.14/Engine/Plugins/Runtime/CableComponent/CableComponent.uplugin
LogPluginManager: Loaded Plugin CustomMeshComponent, From C:/Program Files (x86)/Epic Games/4.14/Engine/Plugins/Runtime/CustomMeshComponent/CustomMeshComponent.uplugin
LogPluginManager: Loaded Plugin ExampleDeviceProfileSelector, From C:/Program Files (x86)/Epic Games/4.14/Engine/Plugins/Runtime/ExampleDeviceProfileSelector/ExampleDeviceProfileSelector.uplugin
LogPluginManager: Loaded Plugin GearVR, From C:/Program Files (x86)/Epic Games/4.14/Engine/Plugins/Runtime/GearVR/GearVR.uplugin
LogPluginManager: Loaded Plugin GoogleVRController, From C:/Program Files (x86)/Epic Games/4.14/Engine/Plugins/Runtime/GoogleVR/GoogleVRController/GoogleVRController.uplugin
LogPluginManager: Loaded Plugin GoogleVRHMD, From C:/Program Files (x86)/Epic Games/4.14/Engine/Plugins/Runtime/GoogleVR/GoogleVRHMD/GoogleVRHMD.uplugin
LogPluginManager: Loaded Plugin IOSDeviceProfileSelector, From C:/Program Files (x86)/Epic Games/4.14/Engine/Plugins/Runtime/IOSDeviceProfileSelector/IOSDeviceProfileSelector.uplugin
LogPluginManager: Loaded Plugin LeapMotion, From C:/Program Files (x86)/Epic Games/4.14/Engine/Plugins/Runtime/LeapMotion/LeapMotion.uplugin
LogPluginManager: Loaded Plugin LinuxDeviceProfileSelector, From C:/Program Files (x86)/Epic Games/4.14/Engine/Plugins/Runtime/LinuxDeviceProfileSelector/LinuxDeviceProfileSelector.uplugin
LogPluginManager: Loaded Plugin MIDIDevice, From C:/Program Files (x86)/Epic Games/4.14/Engine/Plugins/Runtime/MIDIDevice/MIDIDevice.uplugin
LogPluginManager: Loaded Plugin MobilePatchingUtils, From C:/Program Files (x86)/Epic Games/4.14/Engine/Plugins/Runtime/MobilePatchingUtils/MobilePatchingUtils.uplugin
LogPluginManager: Loaded Plugin Ansel, From C:/Program Files (x86)/Epic Games/4.14/Engine/Plugins/Runtime/Nvidia/Ansel/Ansel.uplugin
LogPluginManager: Loaded Plugin OculusAudio, From C:/Program Files (x86)/Epic Games/4.14/Engine/Plugins/Runtime/OculusAudio/OculusAudio.uplugin
LogPluginManager: Loaded Plugin OculusInput, From C:/Program Files (x86)/Epic Games/4.14/Engine/Plugins/Runtime/OculusInput/OculusInput.uplugin
LogPluginManager: Loaded Plugin OculusLibrary, From C:/Program Files (x86)/Epic Games/4.14/Engine/Plugins/Runtime/OculusLibrary/OculusLibrary.uplugin
LogPluginManager: Loaded Plugin OculusRift, From C:/Program Files (x86)/Epic Games/4.14/Engine/Plugins/Runtime/OculusRift/OculusRift.uplugin
LogPluginManager: Loaded Plugin Oodle, From C:/Program Files (x86)/Epic Games/4.14/Engine/Plugins/Runtime/PacketHandlers/CompressionComponents/Oodle/Oodle.uplugin
LogPluginManager: Loaded Plugin ProceduralMeshComponent, From C:/Program Files (x86)/Epic Games/4.14/Engine/Plugins/Runtime/ProceduralMeshComponent/ProceduralMeshComponent.uplugin
LogPluginManager: Loaded Plugin SoundMod, From C:/Program Files (x86)/Epic Games/4.14/Engine/Plugins/Runtime/SoundMod/SoundMod.uplugin
LogPluginManager: Loaded Plugin SoundVisualizations, From C:/Program Files (x86)/Epic Games/4.14/Engine/Plugins/Runtime/SoundVisualizations/SoundVisualizations.uplugin
LogPluginManager: Loaded Plugin SteamController, From C:/Program Files (x86)/Epic Games/4.14/Engine/Plugins/Runtime/Steam/SteamController/SteamController.uplugin
LogPluginManager: Loaded Plugin SteamVR, From C:/Program Files (x86)/Epic Games/4.14/Engine/Plugins/Runtime/Steam/SteamVR/SteamVR.uplugin
LogPluginManager: Loaded Plugin WebBrowserWidget, From C:/Program Files (x86)/Epic Games/4.14/Engine/Plugins/Runtime/WebBrowserWidget/WebBrowserWidget.uplugin
LogPluginManager: Loaded Plugin WindowsDeviceProfileSelector, From C:/Program Files (x86)/Epic Games/4.14/Engine/Plugins/Runtime/WindowsDeviceProfileSelector/WindowsDeviceProfileSelector.uplugin
LogPluginManager: Loaded Plugin WindowsMoviePlayer, From C:/Program Files (x86)/Epic Games/4.14/Engine/Plugins/Runtime/WindowsMoviePlayer/WindowsMoviePlayer.uplugin
LogPluginManager: Loaded Plugin ScriptPlugin, From C:/Program Files (x86)/Epic Games/4.14/Engine/Plugins/ScriptPlugin/ScriptPlugin.uplugin
LogPluginManager: Loaded Plugin SlateRemote, From C:/Program Files (x86)/Epic Games/4.14/Engine/Plugins/Slate/SlateRemote/SlateRemote.uplugin
LogPluginManager: Loaded Plugin EditorTests, From C:/Program Files (x86)/Epic Games/4.14/Engine/Plugins/Tests/EditorTests/EditorTests.uplugin
LogPluginManager: Loaded Plugin FbxAutomationTestBuilder, From C:/Program Files (x86)/Epic Games/4.14/Engine/Plugins/Tests/FbxAutomationTestBuilder/FbxAutomationTestBuilder.uplugin
LogPluginManager: Loaded Plugin FunctionalTestingEditor, From C:/Program Files (x86)/Epic Games/4.14/Engine/Plugins/Tests/FunctionalTestingEditor/FunctionalTestingEditor.uplugin
LogPluginManager: Loaded Plugin RuntimeTests, From C:/Program Files (x86)/Epic Games/4.14/Engine/Plugins/Tests/RuntimeTests/RuntimeTests.uplugin
LogPluginManager: Loaded Plugin ScreenshotTools, From C:/Program Files (x86)/Epic Games/4.14/Engine/Plugins/Tests/ScreenshotTools/ScreenshotTools.uplugin
LogInit: Using libcurl 7.47.1
LogInit:  - built for x86_64-pc-win32
LogInit:  - supports SSL with OpenSSL/1.0.2g
LogInit:  - supports HTTP deflate (compression) using libz 1.2.8
LogInit:  - other features:
LogInit:      CURL_VERSION_SSL
LogInit:      CURL_VERSION_LIBZ
LogInit:      CURL_VERSION_IPV6
LogInit:      CURL_VERSION_ASYNCHDNS
LogInit:      CURL_VERSION_LARGEFILE
LogInit:      CURL_VERSION_IDN
LogInit:  CurlRequestOptions (configurable via config and command line):
LogInit:  - bVerifyPeer = false  - Libcurl will NOT verify peer certificate
LogInit:  - bUseHttpProxy = false  - Libcurl will NOT use HTTP proxy
LogInit:  - bDontReuseConnections = false  - Libcurl will reuse connections
LogInit:  - CertBundlePath = nullptr  - Libcurl will use whatever was configured at build time.
LogInit: Build: ++UE4+Release-4.14-CL-3249277
LogInit: Engine Version: 4.14.3-3249277+++UE4+Release-4.14
LogInit: Compatible Engine Version: 4.14.0-3195953+++UE4+Release-4.14
LogInit: Net CL: 3195953
LogDevObjectVersion: Number of dev versions registered: 13
LogDevObjectVersion:   Dev-Blueprints (B0D832E4-1F89-4F0D-ACCF-7EB736FD4AA2): 7
LogDevObjectVersion:   Dev-Build (E1C64328-A22C-4D53-A36C-8E866417BD8C): 0
LogDevObjectVersion:   Dev-Core (375EC13C-06E4-48FB-B500-84F0262A717E): 1
LogDevObjectVersion:   Dev-Editor (E4B068ED-F494-42E9-A231-DA0B2E46BB41): 8
LogDevObjectVersion:   Dev-Framework (CFFC743F-43B0-4480-9391-14DF171D2073): 17
LogDevObjectVersion:   Dev-Mobile (B02B49B5-BB20-44E9-A304-32B752E40360): 0
LogDevObjectVersion:   Dev-Networking (A4E4105C-59A1-49B5-A7C5-40C4547EDFEE): 0
LogDevObjectVersion:   Dev-Online (39C831C9-5AE6-47DC-9A44-9C173E1C8E7C): 0
LogDevObjectVersion:   Dev-Physics (78F01B33-EBEA-4F98-B9B4-84EACCB95AA2): 0
LogDevObjectVersion:   Dev-Platform (6631380F-2D4D-43E0-8009-CF276956A95A): 0
LogDevObjectVersion:   Dev-Rendering (12F88B9F-8875-4AFC-A67C-D90C383ABD29): 12
LogDevObjectVersion:   Dev-Sequencer (7B5AE74C-D270-4C10-A958-57980B212A5A): 1
LogDevObjectVersion:   Dev-VR (D7296918-1DD6-4BDD-9DE2-64A83CC13884): 0
LogInit: Compiled (64-bit): Jan  6 2017 10:49:43
LogInit: Compiled with Visual C++: 19.00.23026.00
LogInit: Build Configuration: Development
LogInit: Branch Name: ++UE4+Release-4.14
LogInit: Command line: -EpicPortal 
LogInit: Base directory: C:/Program Files (x86)/Epic Games/4.14/Engine/Binaries/Win64/
LogInit: Installed Engine Build: 1
LogInit: Presizing for max 8388607 objects, including 0 objects not considered by GC, pre-allocating 0 bytes for permanent pool.
LogInit: Object subsystem initialized
[2017.07.10-18.17.49:085][  0]LogInit: Selected Device Profile: [Windows]
[2017.07.10-18.17.49:085][  0]LogInit: Applying CVar settings loaded from the selected device profile: [Windows]
[2017.07.10-18.17.49:094][  0]LogInit: Computer: IGMOH1380-22
[2017.07.10-18.17.49:094][  0]LogInit: User: IGMAdmin
[2017.07.10-18.17.49:094][  0]LogInit: CPU Page size=65536, Cores=2
[2017.07.10-18.17.49:094][  0]LogInit: High frequency timer resolution =3.328119 MHz
[2017.07.10-18.17.49:094][  0]LogMemory: Memory total: Physical=15.9GB (16GB approx)
[2017.07.10-18.17.49:094][  0]LogMemory: Platform Memory Stats for Windows
[2017.07.10-18.17.49:094][  0]LogMemory: Process Physical Memory: 263.91 MB used, 263.91 MB peak
[2017.07.10-18.17.49:094][  0]LogMemory: Process Virtual Memory: 262.48 MB used, 262.48 MB peak
[2017.07.10-18.17.49:094][  0]LogMemory: Physical Memory: 4056.04 MB used,  12269.78 MB free, 16325.81 MB total
[2017.07.10-18.17.49:094][  0]LogMemory: Virtual Memory: 674.54 MB used,  12269.78 MB free, 134217728.00 MB total
[2017.07.10-18.17.49:118][  0]LogTextLocalizationManager: No specific translations for ('en-US') exist, so ('en') translations will be used.
[2017.07.10-18.17.49:644][  0]LogD3D11RHI: D3D11 adapters:
[2017.07.10-18.17.49:676][  0]LogD3D11RHI:    0. 'NVIDIA GeForce GTX 1070' (Feature Level 11_0)
[2017.07.10-18.17.49:676][  0]LogD3D11RHI:       8145/0/8162 MB DedicatedVideo/DedicatedSystem/SharedSystem, Outputs:2, VendorId:0x10de
[2017.07.10-18.17.49:677][  0]LogD3D11RHI:    1. 'Microsoft Basic Render Driver' (Feature Level 11_0)
[2017.07.10-18.17.49:677][  0]LogD3D11RHI:       0/0/8162 MB DedicatedVideo/DedicatedSystem/SharedSystem, Outputs:0, VendorId:0x1414
[2017.07.10-18.17.49:677][  0]LogD3D11RHI: Chosen D3D11 Adapter: 0
[2017.07.10-18.17.49:680][  0]LogD3D11RHI: Creating new Direct3DDevice
[2017.07.10-18.17.49:680][  0]LogD3D11RHI:     GPU DeviceId: 0x1b81 (for the marketing name, search the web for "GPU Device Id")
[2017.07.10-18.17.49:680][  0]LogWindows: EnumDisplayDevices:
[2017.07.10-18.17.49:681][  0]LogWindows:    0. 'NVIDIA GeForce GTX 1070' (P:1 D:1)
[2017.07.10-18.17.49:681][  0]LogWindows:    1. 'NVIDIA GeForce GTX 1070' (P:0 D:1)
[2017.07.10-18.17.49:681][  0]LogWindows:    2. 'NVIDIA GeForce GTX 1070' (P:0 D:0)
[2017.07.10-18.17.49:681][  0]LogWindows:    3. 'NVIDIA GeForce GTX 1070' (P:0 D:0)
[2017.07.10-18.17.49:681][  0]LogWindows: DebugString: FoundDriverCount:4 
[2017.07.10-18.17.49:681][  0]LogD3D11RHI:     Adapter Name: NVIDIA GeForce GTX 1070
[2017.07.10-18.17.49:681][  0]LogD3D11RHI:   Driver Version: 376.33 (internal:21.21.13.7633, unified:376.33)
[2017.07.10-18.17.49:681][  0]LogD3D11RHI:      Driver Date: 12-11-2016
[2017.07.10-18.17.49:681][  0]LogRHI: Texture pool is 1361 MB (70% of 1945 MB)
[2017.07.10-18.17.49:694][  0]LogD3D11RHI: Async texture creation enabled
[2017.07.10-18.17.49:704][  0]LogD3D11RHI: GPU Timing Frequency: 1000.000000 (Debug: 2 1)
[2017.07.10-18.17.49:704][  0]LogShaderCompilers: Guid format shader working directory is 37 characters bigger than the processId version (D:/KOC/Day1K/Intermediate/Shaders/WorkingDirectory/8360/).
[2017.07.10-18.17.49:704][  0]LogShaderCompilers: Cleaned the shader compiler working directory 'C:/Users/IGMAdmin/AppData/Local/Temp/UnrealShaderWorkingDir/8198345144A5CCBC230369ACEEB26ED4/'.
[2017.07.10-18.17.49:704][  0]LogShaderCompilers:Display: Using Local Shader Compiler.
[2017.07.10-18.17.50:594][  0]LogTemp:Display: Loaded TP AllDesktopTargetPlatform
[2017.07.10-18.17.50:635][  0]LogTemp:Display: Loaded TP MacClientTargetPlatform
[2017.07.10-18.17.50:680][  0]LogTemp:Display: Loaded TP MacNoEditorTargetPlatform
[2017.07.10-18.17.50:721][  0]LogTemp:Display: Loaded TP MacServerTargetPlatform
[2017.07.10-18.17.50:773][  0]LogTemp:Display: Loaded TP MacTargetPlatform
[2017.07.10-18.17.50:833][  0]LogTemp:Display: Loaded TP WindowsClientTargetPlatform
[2017.07.10-18.17.50:876][  0]LogTemp:Display: Loaded TP WindowsNoEditorTargetPlatform
[2017.07.10-18.17.50:917][  0]LogTemp:Display: Loaded TP WindowsServerTargetPlatform
[2017.07.10-18.17.50:950][  0]LogTemp:Display: Loaded TP WindowsTargetPlatform
[2017.07.10-18.17.50:989][  0]LogTemp:Display: Loaded TP AndroidTargetPlatform
[2017.07.10-18.17.51:028][  0]LogTemp:Display: Loaded TP Android_ASTCTargetPlatform
[2017.07.10-18.17.51:067][  0]LogTemp:Display: Loaded TP Android_ATCTargetPlatform
[2017.07.10-18.17.51:106][  0]LogTemp:Display: Loaded TP Android_DXTTargetPlatform
[2017.07.10-18.17.51:147][  0]LogTemp:Display: Loaded TP Android_ETC1TargetPlatform
[2017.07.10-18.17.51:186][  0]LogTemp:Display: Loaded TP Android_ETC2TargetPlatform
[2017.07.10-18.17.51:263][  0]LogTemp:Display: Loaded TP Android_MultiTargetPlatform
[2017.07.10-18.17.51:263][  0]LogTemp:Display: Loaded TP Android_PVRTCTargetPlatform
[2017.07.10-18.17.51:291][  0]LogTemp:Display: Loaded TP HTML5TargetPlatform
[2017.07.10-18.17.51:359][  0]LogTemp:Display: Loaded TP IOSTargetPlatform
[2017.07.10-18.17.51:384][  0]LogTemp:Display: Loaded TP TVOSTargetPlatform
[2017.07.10-18.17.51:423][  0]LogTemp:Display: Loaded TP LinuxClientTargetPlatform
[2017.07.10-18.17.51:462][  0]LogTemp:Display: Loaded TP LinuxNoEditorTargetPlatform
[2017.07.10-18.17.51:501][  0]LogTemp:Display: Loaded TP LinuxServerTargetPlatform
[2017.07.10-18.17.51:541][  0]LogTemp:Display: Loaded TP LinuxTargetPlatform
[2017.07.10-18.17.51:541][  0]LogTargetPlatformManager:Display: Building Assets For Windows
[2017.07.10-18.17.51:809][  0]LogDerivedDataCache:Display: Max Cache Size: 512 MB
[2017.07.10-18.17.51:852][  0]LogDerivedDataCache: Loaded boot cache 0.04s 50MB C:/Users/IGMAdmin/AppData/Local/UnrealEngine/4.14/DerivedDataCache/Boot.ddc.
[2017.07.10-18.17.51:852][  0]LogDerivedDataCache:Display: Loaded Boot cache: C:/Users/IGMAdmin/AppData/Local/UnrealEngine/4.14/DerivedDataCache/Boot.ddc
[2017.07.10-18.17.51:852][  0]LogDerivedDataCache: FDerivedDataBackendGraph:  Pak pak cache file D:/KOC/Day1K/DerivedDataCache/DDC.ddp not found, will not use a pak cache.
[2017.07.10-18.17.51:852][  0]LogDerivedDataCache: Unable to find inner node Pak for hierarchical cache Hierarchy.
[2017.07.10-18.17.51:853][  0]LogDerivedDataCache: FDerivedDataBackendGraph:  CompressedPak pak cache file D:/KOC/Day1K/DerivedDataCache/Compressed.ddp not found, will not use a pak cache.
[2017.07.10-18.17.51:853][  0]LogDerivedDataCache: Unable to find inner node CompressedPak for hierarchical cache Hierarchy.
[2017.07.10-18.17.51:867][  0]LogDerivedDataCache:Display: Pak cache opened for reading ../../../Engine/DerivedDataCache/Compressed.ddp.
[2017.07.10-18.17.51:879][  0]LogDerivedDataCache: Using Local data cache path C:/Users/IGMAdmin/AppData/Local/UnrealEngine/Common/DerivedDataCache: Writable
[2017.07.10-18.17.52:046][  0]LogInit: Selected Device Profile: [Windows]
[2017.07.10-18.17.52:048][  0]LogContentStreaming: Texture pool size is 0.00 MB
[2017.07.10-18.17.52:224][  0]LogMeshUtilities: Using QuadricMeshReduction for automatic static mesh reduction
[2017.07.10-18.17.52:260][  0]LogSimplygon: Simplygon DLL not present - disabling.
[2017.07.10-18.17.52:297][  0]LogMeshUtilities: Using SimplygonSwarm for distributed automatic mesh merging
[2017.07.10-18.17.52:297][  0]LogMeshUtilities: No automatic skeletal mesh reduction module available
[2017.07.10-18.17.52:297][  0]LogMeshUtilities: No automatic mesh merging module available
[2017.07.10-18.17.52:706][  0]LogNetVersion: GetLocalNetworkVersion: CL: 3195953, ProjectName: day1k, ProjectVersion: , EngineNetworkVersion: 2, GameNetworkVersion: 0, NetworkChecksum: 2745524175
[2017.07.10-18.17.52:755][  0]LogAssetRegistry: FAssetRegistry took 0.0222 seconds to start up
[2017.07.10-18.17.52:790][  0]LogPackageLocalizationCache: Processed 3 localized package path(s) for 2 prioritized culture(s) in 0.017373 seconds
[2017.07.10-18.17.52:794][  0]LogUObjectArray: 31946 objects as part of root set at end of initial load.
[2017.07.10-18.17.52:794][  0]LogUObjectAllocator: 6935848 out of 0 bytes used by permanent object pool.
[2017.07.10-18.17.52:794][  0]LogUObjectArray: CloseDisregardForGC: 0/0 objects in disregard for GC pool
[2017.07.10-18.17.52:835][  0]LogInit: WinSock: version 1.1 (2.2), MaxSocks=32767, MaxUdp=65467
[2017.07.10-18.17.53:356][  0]LogSlate: Using Freetype 2.6.0
[2017.07.10-18.17.53:356][  0]LogSlate: SlateFontCache - WITH_FREETYPE: 1, WITH_HARFBUZZ: 1
[2017.07.10-18.17.53:356][  0]LogSlate: SlateFontCache - WITH_FREETYPE: 1, WITH_HARFBUZZ: 1
[2017.07.10-18.17.53:982][  0]LogTcpMessaging: Initializing TcpMessaging bridge
[2017.07.10-18.17.54:015][  0]LogUdpMessaging: Initializing bridge on interface 0.0.0.0:0 to multicast group 230.0.0.1:6666.
[2017.07.10-18.17.54:276][  0]LogMaterial: Uniform references updated for custom material expression Custom.
[2017.07.10-18.17.54:553][  0]SourceControl: Info Source control is disabled
[2017.07.10-18.17.54:587][  0]SourceControl: Info Source control is disabled
[2017.07.10-18.17.54:619][  0]SourceControl: Info Source control is disabled
[2017.07.10-18.17.54:651][  0]SourceControl: Info Source control is disabled
[2017.07.10-18.17.55:540][  0]LogEngine: Initializing Engine...
[2017.07.10-18.17.55:540][  0]LogHMD: Failed to initialize OpenVR with code 110
[2017.07.10-18.17.55:727][  0]LogAIModule: Creating AISystem for world Untitled
[2017.07.10-18.17.55:741][  0]LogInit: XAudio2 using 'Alienware2210-C (NVIDIA High Definition Audio)' : 2 channels at 48 kHz using 16 bits per sample (channel mask 0x3)
[2017.07.10-18.17.55:757][  0]LogInit: FAudioDevice initialized.
[2017.07.10-18.17.55:778][  0]LogDerivedDataCache: Saved boot cache 0.02s 50MB C:/Users/IGMAdmin/AppData/Local/UnrealEngine/4.14/DerivedDataCache/Boot.ddc.
[2017.07.10-18.17.55:785][  0]LogInit: Texture streaming: Enabled
[2017.07.10-18.17.55:908][  0]LogInit: Transaction tracking system initialized
[2017.07.10-18.17.56:148][  0]BlueprintLog: New page: Editor Load
[2017.07.10-18.17.56:754][  0]LocalizationService: Info Localization service is disabled
[2017.07.10-18.17.57:204][  0]LogConsoleResponse:Display: 
[2017.07.10-18.17.57:322][  0]LogCook:Display: Max memory allowance for cook 16384mb min free memory 0mb
[2017.07.10-18.17.57:322][  0]LogCook:Display: Mobile HDR setting 1
[2017.07.10-18.17.57:585][  0]LogFileCache: Scanning file cache for directory 'D:/KOC/Day1K/Content/' took 0.01s
[2017.07.10-18.17.57:976][  0]SourceControl: Info Source control is disabled
[2017.07.10-18.17.57:976][  0]Cmd: MAP LOAD FILE="D:/KOC/Day1K/Content/FirstPersonBP/Maps/FirstPersonExampleMap.umap" TEMPLATE=0 SHOWPROGRESS=1 FEATURELEVEL=3
[2017.07.10-18.17.57:976][  0]LightingResults: New page: Lighting Build
[2017.07.10-18.17.58:005][  0]MapCheck: New page: Map Check
[2017.07.10-18.17.58:005][  0]LightingResults: New page: Lighting Build
[2017.07.10-18.17.58:513][  0]LogAIModule: Creating AISystem for world FirstPersonExampleMap
[2017.07.10-18.17.58:526][  0]LogEditorServer: Finished looking for orphan Actors (0.000 secs)
[2017.07.10-18.17.58:526][  0]Cmd: MAP CHECKDEP NOCLEARLOG
[2017.07.10-18.17.58:560][  0]MapCheck: Info Map check complete: 0 Error(s), 0 Warning(s), took 33.709ms to complete.
[2017.07.10-18.17.58:560][  0]LogFileHelpers: Loading map 'FirstPersonExampleMap' took 0.584
[2017.07.10-18.17.58:613][  0]LogWindowsTextInputMethodSystem:Display: IME system now deactivated.
[2017.07.10-18.17.58:673][  0]LogCollectionManager: Loaded 0 collections in 0.001224 seconds
[2017.07.10-18.17.58:740][  0]LogFileCache: Scanning file cache for directory 'D:/KOC/Day1K/Saved/Collections/' took 0.01s
[2017.07.10-18.17.58:740][  0]LogFileCache: Scanning file cache for directory 'D:/KOC/Day1K/Content/Developers/IGMAdmin/Collections/' took 0.01s
[2017.07.10-18.17.58:740][  0]LogFileCache: Scanning file cache for directory 'D:/KOC/Day1K/Content/Collections/' took 0.01s
[2017.07.10-18.17.58:740][  0]LogCollectionManager: Rebuilt the GUID cache for 0 collections in 0.000001 seconds
[2017.07.10-18.17.58:747][  0]LogContentBrowser: Native class hierarchy populated in 0.0074 seconds. Added 2190 classes and 428 folders.
[2017.07.10-18.17.58:776][  0]LogStats: UGameplayTagsManager::ConstructGameplayTagTree: Construct from data asset -  0.000 s
[2017.07.10-18.17.58:776][  0]LogStats: UGameplayTagsManager::ConstructGameplayTagTree: GameplayTagTreeChangedEvent.Broadcast -  0.000 s
[2017.07.10-18.17.58:776][  0]LogContentBrowser: Native class hierarchy updated for 'GameplayTags' in 0.0004 seconds. Added 13 classes and 0 folders.
[2017.07.10-18.17.58:819][  0]LogContentBrowser: Native class hierarchy updated for 'WidgetCarousel' in 0.0004 seconds. Added 0 classes and 0 folders.
[2017.07.10-18.17.58:848][  0]LogContentBrowser: Native class hierarchy updated for 'AddContentDialog' in 0.0004 seconds. Added 0 classes and 0 folders.
[2017.07.10-18.17.58:878][  0]LogContentBrowser: Native class hierarchy updated for 'SceneOutliner' in 0.0004 seconds. Added 1 classes and 2 folders.
[2017.07.10-18.17.58:908][  0]LogCrashTracker: Crashtracker disabled due to settings.
[2017.07.10-18.17.58:912][  0]LogUObjectGlobals:Warning: Failed to find object 'Class None.'
[2017.07.10-18.17.58:965][  0]LogContentBrowser: Native class hierarchy updated for 'HierarchicalLODOutliner' in 0.0004 seconds. Added 1 classes and 2 folders.
[2017.07.10-18.17.58:966][  0]LogLoad: (Engine Initialization) Total time: 11.05 seconds
[2017.07.10-18.17.58:966][  0]LogLoad: (Engine Initialization) Total Blueprint compile time: 0.14 seconds
[2017.07.10-18.17.58:966][  0]LogExternalProfiler: Found external profiler: VSPerf
[2017.07.10-18.17.58:966][  0]LogExternalProfiler: Using external profiler: VSPerf
[2017.07.10-18.17.58:975][  0]LogOcInput: OculusInput pre-init called
[2017.07.10-18.17.58:992][  0]LogContentStreaming: Texture pool size now 1000 MB
[2017.07.10-18.17.59:113][  0]LogRenderer: Reallocating scene render targets to support 1208x576 NumSamples 1 (Frame:2).
[2017.07.10-18.17.59:181][  1]LogAssetRegistry: Asset discovery search completed in 6.4480 seconds
[2017.07.10-18.17.59:181][  1]LogCollectionManager: Rebuilt the object cache for 0 collections in 0.000000 seconds (found 0 objects)
[2017.07.10-18.17.59:181][  1]LogCollectionManager: Fixed up redirectors for 0 collections in 0.000019 seconds (updated 0 objects)
[2017.07.10-18.19.27:397][529]LogContentBrowser: Native class hierarchy updated for 'BlueprintGraph' in 0.0007 seconds. Added 111 classes and 0 folders.
[2017.07.10-18.25.49:853][176]LogRenderer: Reallocating scene render targets to support 1208x900 NumSamples 1 (Frame:16800).
[2017.07.10-18.27.17:195][630]LogTemp: Repeting last play command: Selected Viewport
[2017.07.10-18.27.17:210][630]LogBlueprintUserMessages: Early PlayInEditor Detection: Level '/Game/FirstPersonBP/Maps/FirstPersonExampleMap.FirstPersonExampleMap:PersistentLevel' has LevelScriptBlueprint '/Game/FirstPersonBP/Maps/FirstPersonExampleMap.FirstPersonExampleMap:PersistentLevel.FirstPersonExampleMap' with GeneratedClass '/Game/FirstPersonBP/Maps/FirstPersonExampleMap.FirstPersonExampleMap_C' with ClassGeneratedBy '/Game/FirstPersonBP/Maps/FirstPersonExampleMap.FirstPersonExampleMap:PersistentLevel.FirstPersonExampleMap'
[2017.07.10-18.27.17:211][630]BlueprintLog: New page: Pre-Play auto-recompile
[2017.07.10-18.27.17:211][630]LogPlayLevel: [PlayLevel] Compiling FirstPersonProjectile before play...
[2017.07.10-18.27.17:326][630]LogPlayLevel: PlayLevel: Blueprint regeneration took 115 ms (1 blueprints)
[2017.07.10-18.27.17:327][630]PIE: New page: PIE session: FirstPersonExampleMap (Jul 10, 2017, 10:27:17 AM)
[2017.07.10-18.27.17:327][630]LogPlayLevel: Creating play world package: /Game/FirstPersonBP/Maps/UEDPIE_0_FirstPersonExampleMap
[2017.07.10-18.27.17:354][630]LogPlayLevel: PIE: StaticDuplicateObject took: (0.027577s)
[2017.07.10-18.27.17:355][630]LogAIModule: Creating AISystem for world FirstPersonExampleMap
[2017.07.10-18.27.17:355][630]LogPlayLevel: PIE: World Init took: (0.000955s)
[2017.07.10-18.27.17:356][630]LogPlayLevel: PIE: Created PIE world by copying editor world from /Game/FirstPersonBP/Maps/FirstPersonExampleMap.FirstPersonExampleMap to /Game/FirstPersonBP/Maps/UEDPIE_0_FirstPersonExampleMap.FirstPersonExampleMap (0.028788s)
[2017.07.10-18.27.17:397][630]LogInit: XAudio2 using 'Alienware2210-C (NVIDIA High Definition Audio)' : 2 channels at 48 kHz using 16 bits per sample (channel mask 0x3)
[2017.07.10-18.27.17:402][630]LogInit: FAudioDevice initialized.
[2017.07.10-18.27.17:463][630]LogLoad: Game class is 'FirstPersonGameMode_C'
[2017.07.10-18.27.17:466][630]LogWorld: Bringing World /Game/FirstPersonBP/Maps/UEDPIE_0_FirstPersonExampleMap.FirstPersonExampleMap up for play (max tick rate 0) at 2017.07.10-14.27.17
[2017.07.10-18.27.17:467][630]LogWorld: Bringing up level for play took: 0.002795
[2017.07.10-18.27.17:496][630]LogContentBrowser: Native class hierarchy updated for 'MovieSceneCapture' in 0.0005 seconds. Added 11 classes and 0 folders.
[2017.07.10-18.27.17:498][630]PIE: Info Play in editor start time for /Game/FirstPersonBP/Maps/UEDPIE_0_FirstPersonExampleMap -0.646
[2017.07.10-18.27.17:499][630]LogBlueprintUserMessages: Late PlayInEditor Detection: Level '/Game/FirstPersonBP/Maps/FirstPersonExampleMap.FirstPersonExampleMap:PersistentLevel' has LevelScriptBlueprint '/Game/FirstPersonBP/Maps/FirstPersonExampleMap.FirstPersonExampleMap:PersistentLevel.FirstPersonExampleMap' with GeneratedClass '/Game/FirstPersonBP/Maps/FirstPersonExampleMap.FirstPersonExampleMap_C' with ClassGeneratedBy '/Game/FirstPersonBP/Maps/FirstPersonExampleMap.FirstPersonExampleMap:PersistentLevel.FirstPersonExampleMap'
[2017.07.10-18.27.17:553][630]LogRenderer: Reallocating scene render targets to support 1292x900 NumSamples 1 (Frame:26705).
[2017.07.10-18.27.53:716][958]LogSpawn:Warning: SpawnActor failed because of collision at the spawn location [X=1085.454 Y=309.544 Z=315.246] for [FirstPersonProjectile_C]
[2017.07.10-18.27.58:295][507]LogSpawn:Warning: SpawnActor failed because of collision at the spawn location [X=1670.172 Y=1840.224 Z=158.646] for [FirstPersonProjectile_C]
[2017.07.10-18.28.02:828][ 51]LogBlueprintUserMessages: Early EndPlayMap Detection: Level '/Game/FirstPersonBP/Maps/FirstPersonExampleMap.FirstPersonExampleMap:PersistentLevel' has LevelScriptBlueprint '/Game/FirstPersonBP/Maps/FirstPersonExampleMap.FirstPersonExampleMap:PersistentLevel.FirstPersonExampleMap' with GeneratedClass '/Game/FirstPersonBP/Maps/FirstPersonExampleMap.FirstPersonExampleMap_C' with ClassGeneratedBy '/Game/FirstPersonBP/Maps/FirstPersonExampleMap.FirstPersonExampleMap:PersistentLevel.FirstPersonExampleMap'
[2017.07.10-18.28.02:866][ 51]LogBlueprintUserMessages: Late EndPlayMap Detection: Level '/Game/FirstPersonBP/Maps/FirstPersonExampleMap.FirstPersonExampleMap:PersistentLevel' has LevelScriptBlueprint '/Game/FirstPersonBP/Maps/FirstPersonExampleMap.FirstPersonExampleMap:PersistentLevel.FirstPersonExampleMap' with GeneratedClass '/Game/FirstPersonBP/Maps/FirstPersonExampleMap.FirstPersonExampleMap_C' with ClassGeneratedBy '/Game/FirstPersonBP/Maps/FirstPersonExampleMap.FirstPersonExampleMap:PersistentLevel.FirstPersonExampleMap'
[2017.07.10-18.28.35:628][964]LogTemp: Repeting last play command: Selected Viewport
[2017.07.10-18.28.35:637][964]LogBlueprintUserMessages: Early PlayInEditor Detection: Level '/Game/FirstPersonBP/Maps/FirstPersonExampleMap.FirstPersonExampleMap:PersistentLevel' has LevelScriptBlueprint '/Game/FirstPersonBP/Maps/FirstPersonExampleMap.FirstPersonExampleMap:PersistentLevel.FirstPersonExampleMap' with GeneratedClass '/Game/FirstPersonBP/Maps/FirstPersonExampleMap.FirstPersonExampleMap_C' with ClassGeneratedBy '/Game/FirstPersonBP/Maps/FirstPersonExampleMap.FirstPersonExampleMap:PersistentLevel.FirstPersonExampleMap'
[2017.07.10-18.28.35:637][964]BlueprintLog: New page: Pre-Play auto-recompile
[2017.07.10-18.28.35:637][964]LogPlayLevel: [PlayLevel] Compiling FirstPersonProjectile before play...
[2017.07.10-18.28.35:851][964]LogPlayLevel: PlayLevel: Blueprint regeneration took 213 ms (1 blueprints)
[2017.07.10-18.28.35:851][964]PIE: New page: PIE session: FirstPersonExampleMap (Jul 10, 2017, 10:28:35 AM)
[2017.07.10-18.28.35:851][964]LogPlayLevel: Creating play world package: /Game/FirstPersonBP/Maps/UEDPIE_0_FirstPersonExampleMap
[2017.07.10-18.28.35:875][964]LogPlayLevel: PIE: StaticDuplicateObject took: (0.023680s)
[2017.07.10-18.28.35:876][964]LogAIModule: Creating AISystem for world FirstPersonExampleMap
[2017.07.10-18.28.35:876][964]LogPlayLevel: PIE: World Init took: (0.000910s)
[2017.07.10-18.28.35:876][964]LogPlayLevel: PIE: Created PIE world by copying editor world from /Game/FirstPersonBP/Maps/FirstPersonExampleMap.FirstPersonExampleMap to /Game/FirstPersonBP/Maps/UEDPIE_0_FirstPersonExampleMap.FirstPersonExampleMap (0.024891s)
[2017.07.10-18.28.35:912][964]LogInit: XAudio2 using 'Alienware2210-C (NVIDIA High Definition Audio)' : 2 channels at 48 kHz using 16 bits per sample (channel mask 0x3)
[2017.07.10-18.28.35:916][964]LogInit: FAudioDevice initialized.
[2017.07.10-18.28.35:962][964]LogLoad: Game class is 'FirstPersonGameMode_C'
[2017.07.10-18.28.35:964][964]LogWorld: Bringing World /Game/FirstPersonBP/Maps/UEDPIE_0_FirstPersonExampleMap.FirstPersonExampleMap up for play (max tick rate 0) at 2017.07.10-14.28.35
[2017.07.10-18.28.35:965][964]LogWorld: Bringing up level for play took: 0.002217
[2017.07.10-18.28.35:967][964]PIE: Info Play in editor start time for /Game/FirstPersonBP/Maps/UEDPIE_0_FirstPersonExampleMap -0.176
[2017.07.10-18.28.35:968][964]LogBlueprintUserMessages: Late PlayInEditor Detection: Level '/Game/FirstPersonBP/Maps/FirstPersonExampleMap.FirstPersonExampleMap:PersistentLevel' has LevelScriptBlueprint '/Game/FirstPersonBP/Maps/FirstPersonExampleMap.FirstPersonExampleMap:PersistentLevel.FirstPersonExampleMap' with GeneratedClass '/Game/FirstPersonBP/Maps/FirstPersonExampleMap.FirstPersonExampleMap_C' with ClassGeneratedBy '/Game/FirstPersonBP/Maps/FirstPersonExampleMap.FirstPersonExampleMap:PersistentLevel.FirstPersonExampleMap'
[2017.07.10-18.29.30:818][529]LogBlueprintUserMessages: Early EndPlayMap Detection: Level '/Game/FirstPersonBP/Maps/FirstPersonExampleMap.FirstPersonExampleMap:PersistentLevel' has LevelScriptBlueprint '/Game/FirstPersonBP/Maps/FirstPersonExampleMap.FirstPersonExampleMap:PersistentLevel.FirstPersonExampleMap' with GeneratedClass '/Game/FirstPersonBP/Maps/FirstPersonExampleMap.FirstPersonExampleMap_C' with ClassGeneratedBy '/Game/FirstPersonBP/Maps/FirstPersonExampleMap.FirstPersonExampleMap:PersistentLevel.FirstPersonExampleMap'
[2017.07.10-18.29.30:858][529]LogBlueprintUserMessages: Late EndPlayMap Detection: Level '/Game/FirstPersonBP/Maps/FirstPersonExampleMap.FirstPersonExampleMap:PersistentLevel' has LevelScriptBlueprint '/Game/FirstPersonBP/Maps/FirstPersonExampleMap.FirstPersonExampleMap:PersistentLevel.FirstPersonExampleMap' with GeneratedClass '/Game/FirstPersonBP/Maps/FirstPersonExampleMap.FirstPersonExampleMap_C' with ClassGeneratedBy '/Game/FirstPersonBP/Maps/FirstPersonExampleMap.FirstPersonExampleMap:PersistentLevel.FirstPersonExampleMap'
[2017.07.10-18.29.41:156][753]LogTemp: Repeting last play command: Selected Viewport
[2017.07.10-18.29.41:162][753]LogBlueprintUserMessages: Early PlayInEditor Detection: Level '/Game/FirstPersonBP/Maps/FirstPersonExampleMap.FirstPersonExampleMap:PersistentLevel' has LevelScriptBlueprint '/Game/FirstPersonBP/Maps/FirstPersonExampleMap.FirstPersonExampleMap:PersistentLevel.FirstPersonExampleMap' with GeneratedClass '/Game/FirstPersonBP/Maps/FirstPersonExampleMap.FirstPersonExampleMap_C' with ClassGeneratedBy '/Game/FirstPersonBP/Maps/FirstPersonExampleMap.FirstPersonExampleMap:PersistentLevel.FirstPersonExampleMap'
[2017.07.10-18.29.41:162][753]BlueprintLog: New page: Pre-Play auto-recompile
[2017.07.10-18.29.41:162][753]LogPlayLevel: [PlayLevel] Compiling FirstPersonProjectile before play...
[2017.07.10-18.29.41:257][753]LogPlayLevel: PlayLevel: Blueprint regeneration took 94 ms (1 blueprints)
[2017.07.10-18.29.41:257][753]PIE: New page: PIE session: FirstPersonExampleMap (Jul 10, 2017, 10:29:41 AM)
[2017.07.10-18.29.41:257][753]LogPlayLevel: Creating play world package: /Game/FirstPersonBP/Maps/UEDPIE_0_FirstPersonExampleMap
[2017.07.10-18.29.41:279][753]LogPlayLevel: PIE: StaticDuplicateObject took: (0.022101s)
[2017.07.10-18.29.41:279][753]LogAIModule: Creating AISystem for world FirstPersonExampleMap
[2017.07.10-18.29.41:280][753]LogPlayLevel: PIE: World Init took: (0.000725s)
[2017.07.10-18.29.41:280][753]LogPlayLevel: PIE: Created PIE world by copying editor world from /Game/FirstPersonBP/Maps/FirstPersonExampleMap.FirstPersonExampleMap to /Game/FirstPersonBP/Maps/UEDPIE_0_FirstPersonExampleMap.FirstPersonExampleMap (0.023110s)
[2017.07.10-18.29.41:315][753]LogInit: XAudio2 using 'Alienware2210-C (NVIDIA High Definition Audio)' : 2 channels at 48 kHz using 16 bits per sample (channel mask 0x3)
[2017.07.10-18.29.41:319][753]LogInit: FAudioDevice initialized.
[2017.07.10-18.29.41:364][753]LogLoad: Game class is 'FirstPersonGameMode_C'
[2017.07.10-18.29.41:366][753]LogWorld: Bringing World /Game/FirstPersonBP/Maps/UEDPIE_0_FirstPersonExampleMap.FirstPersonExampleMap up for play (max tick rate 0) at 2017.07.10-14.29.41
[2017.07.10-18.29.41:366][753]LogWorld: Bringing up level for play took: 0.002181
[2017.07.10-18.29.41:369][753]PIE: Info Play in editor start time for /Game/FirstPersonBP/Maps/UEDPIE_0_FirstPersonExampleMap -0.773
[2017.07.10-18.29.41:372][753]LogBlueprintUserMessages: Late PlayInEditor Detection: Level '/Game/FirstPersonBP/Maps/FirstPersonExampleMap.FirstPersonExampleMap:PersistentLevel' has LevelScriptBlueprint '/Game/FirstPersonBP/Maps/FirstPersonExampleMap.FirstPersonExampleMap:PersistentLevel.FirstPersonExampleMap' with GeneratedClass '/Game/FirstPersonBP/Maps/FirstPersonExampleMap.FirstPersonExampleMap_C' with ClassGeneratedBy '/Game/FirstPersonBP/Maps/FirstPersonExampleMap.FirstPersonExampleMap:PersistentLevel.FirstPersonExampleMap'
[2017.07.10-18.30.05:377][591]LogBlueprintUserMessages: Early EndPlayMap Detection: Level '/Game/FirstPersonBP/Maps/FirstPersonExampleMap.FirstPersonExampleMap:PersistentLevel' has LevelScriptBlueprint '/Game/FirstPersonBP/Maps/FirstPersonExampleMap.FirstPersonExampleMap:PersistentLevel.FirstPersonExampleMap' with GeneratedClass '/Game/FirstPersonBP/Maps/FirstPersonExampleMap.FirstPersonExampleMap_C' with ClassGeneratedBy '/Game/FirstPersonBP/Maps/FirstPersonExampleMap.FirstPersonExampleMap:PersistentLevel.FirstPersonExampleMap'
[2017.07.10-18.30.05:416][591]LogBlueprintUserMessages: Late EndPlayMap Detection: Level '/Game/FirstPersonBP/Maps/FirstPersonExampleMap.FirstPersonExampleMap:PersistentLevel' has LevelScriptBlueprint '/Game/FirstPersonBP/Maps/FirstPersonExampleMap.FirstPersonExampleMap:PersistentLevel.FirstPersonExampleMap' with GeneratedClass '/Game/FirstPersonBP/Maps/FirstPersonExampleMap.FirstPersonExampleMap_C' with ClassGeneratedBy '/Game/FirstPersonBP/Maps/FirstPersonExampleMap.FirstPersonExampleMap:PersistentLevel.FirstPersonExampleMap'
[2017.07.10-18.30.09:388][ 62]LogTemp: Repeting last play command: Selected Viewport
[2017.07.10-18.30.09:394][ 62]LogBlueprintUserMessages: Early PlayInEditor Detection: Level '/Game/FirstPersonBP/Maps/FirstPersonExampleMap.FirstPersonExampleMap:PersistentLevel' has LevelScriptBlueprint '/Game/FirstPersonBP/Maps/FirstPersonExampleMap.FirstPersonExampleMap:PersistentLevel.FirstPersonExampleMap' with GeneratedClass '/Game/FirstPersonBP/Maps/FirstPersonExampleMap.FirstPersonExampleMap_C' with ClassGeneratedBy '/Game/FirstPersonBP/Maps/FirstPersonExampleMap.FirstPersonExampleMap:PersistentLevel.FirstPersonExampleMap'
[2017.07.10-18.30.09:394][ 62]BlueprintLog: New page: Pre-Play auto-recompile
[2017.07.10-18.30.09:394][ 62]LogPlayLevel: [PlayLevel] Compiling FirstPersonProjectile before play...
[2017.07.10-18.30.09:487][ 62]LogPlayLevel: PlayLevel: Blueprint regeneration took 92 ms (1 blueprints)
[2017.07.10-18.30.09:487][ 62]PIE: New page: PIE session: FirstPersonExampleMap (Jul 10, 2017, 10:30:09 AM)
[2017.07.10-18.30.09:487][ 62]LogPlayLevel: Creating play world package: /Game/FirstPersonBP/Maps/UEDPIE_0_FirstPersonExampleMap
[2017.07.10-18.30.09:505][ 62]LogPlayLevel: PIE: StaticDuplicateObject took: (0.018414s)
[2017.07.10-18.30.09:506][ 62]LogAIModule: Creating AISystem for world FirstPersonExampleMap
[2017.07.10-18.30.09:506][ 62]LogPlayLevel: PIE: World Init took: (0.000963s)
[2017.07.10-18.30.09:507][ 62]LogPlayLevel: PIE: Created PIE world by copying editor world from /Game/FirstPersonBP/Maps/FirstPersonExampleMap.FirstPersonExampleMap to /Game/FirstPersonBP/Maps/UEDPIE_0_FirstPersonExampleMap.FirstPersonExampleMap (0.019699s)
[2017.07.10-18.30.09:542][ 62]LogInit: XAudio2 using 'Alienware2210-C (NVIDIA High Definition Audio)' : 2 channels at 48 kHz using 16 bits per sample (channel mask 0x3)
[2017.07.10-18.30.09:546][ 62]LogInit: FAudioDevice initialized.
[2017.07.10-18.30.09:593][ 62]LogLoad: Game class is 'FirstPersonGameMode_C'
[2017.07.10-18.30.09:596][ 62]LogWorld: Bringing World /Game/FirstPersonBP/Maps/UEDPIE_0_FirstPersonExampleMap.FirstPersonExampleMap up for play (max tick rate 0) at 2017.07.10-14.30.09
[2017.07.10-18.30.09:596][ 62]LogWorld: Bringing up level for play took: 0.002333
[2017.07.10-18.30.09:599][ 62]PIE: Info Play in editor start time for /Game/FirstPersonBP/Maps/UEDPIE_0_FirstPersonExampleMap -0.543
[2017.07.10-18.30.09:602][ 62]LogBlueprintUserMessages: Late PlayInEditor Detection: Level '/Game/FirstPersonBP/Maps/FirstPersonExampleMap.FirstPersonExampleMap:PersistentLevel' has LevelScriptBlueprint '/Game/FirstPersonBP/Maps/FirstPersonExampleMap.FirstPersonExampleMap:PersistentLevel.FirstPersonExampleMap' with GeneratedClass '/Game/FirstPersonBP/Maps/FirstPersonExampleMap.FirstPersonExampleMap_C' with ClassGeneratedBy '/Game/FirstPersonBP/Maps/FirstPersonExampleMap.FirstPersonExampleMap:PersistentLevel.FirstPersonExampleMap'
[2017.07.10-18.30.12:377][384]LogBlueprintUserMessages: Early EndPlayMap Detection: Level '/Game/FirstPersonBP/Maps/FirstPersonExampleMap.FirstPersonExampleMap:PersistentLevel' has LevelScriptBlueprint '/Game/FirstPersonBP/Maps/FirstPersonExampleMap.FirstPersonExampleMap:PersistentLevel.FirstPersonExampleMap' with GeneratedClass '/Game/FirstPersonBP/Maps/FirstPersonExampleMap.FirstPersonExampleMap_C' with ClassGeneratedBy '/Game/FirstPersonBP/Maps/FirstPersonExampleMap.FirstPersonExampleMap:PersistentLevel.FirstPersonExampleMap'
[2017.07.10-18.30.12:412][384]LogBlueprintUserMessages: Late EndPlayMap Detection: Level '/Game/FirstPersonBP/Maps/FirstPersonExampleMap.FirstPersonExampleMap:PersistentLevel' has LevelScriptBlueprint '/Game/FirstPersonBP/Maps/FirstPersonExampleMap.FirstPersonExampleMap:PersistentLevel.FirstPersonExampleMap' with GeneratedClass '/Game/FirstPersonBP/Maps/FirstPersonExampleMap.FirstPersonExampleMap_C' with ClassGeneratedBy '/Game/FirstPersonBP/Maps/FirstPersonExampleMap.FirstPersonExampleMap:PersistentLevel.FirstPersonExampleMap'
[2017.07.10-18.32.58:558][109]LogFileHelpers: Editor autosave (incl. sublevels) for '/Game/FirstPersonBP/Maps/FirstPersonExampleMap' took 0.028
[2017.07.10-18.32.58:559][109]OBJ SavePackage: Generating thumbnails for [1] asset(s) in package [/Game/FirstPersonBP/Blueprints/FirstPersonCharacter] ([1] browsable assets)...
[2017.07.10-18.32.58:570][109]OBJ SavePackage:     Rendered thumbnail for [Blueprint /Game/FirstPersonBP/Blueprints/FirstPersonCharacter.FirstPersonCharacter]
[2017.07.10-18.32.58:570][109]OBJ SavePackage: Finished generating thumbnails for package [/Game/FirstPersonBP/Blueprints/FirstPersonCharacter]
[2017.07.10-18.32.58:629][109]LogSavePackage: Save=52.84ms
[2017.07.10-18.32.58:629][109]LogSavePackage: Moving 'D:/KOC/Day1K/Saved/FirstPersonCharacter_Auto1E07A592A4C82A065393F209EB6B1C6A5.tmp' to 'D:/KOC/Day1K/Saved/Autosaves/Game/FirstPersonBP/Blueprints/FirstPersonCharacter_Auto1.uasset'
[2017.07.10-18.32.58:629][109]LogSavePackage:Display: Finished SavePackage D:/KOC/Day1K/Saved/Autosaves/Game/FirstPersonBP/Blueprints/FirstPersonCharacter_Auto1.uasset
[2017.07.10-18.32.58:629][109]OBJ SavePackage: Generating thumbnails for [1] asset(s) in package [/Game/FirstPersonBP/Blueprints/FirstPersonProjectile] ([1] browsable assets)...
[2017.07.10-18.32.58:641][109]OBJ SavePackage:     Rendered thumbnail for [Blueprint /Game/FirstPersonBP/Blueprints/FirstPersonProjectile.FirstPersonProjectile]
[2017.07.10-18.32.58:641][109]OBJ SavePackage: Finished generating thumbnails for package [/Game/FirstPersonBP/Blueprints/FirstPersonProjectile]
[2017.07.10-18.32.58:668][109]LogSavePackage: Save=22.55ms
[2017.07.10-18.32.58:668][109]LogSavePackage: Moving 'D:/KOC/Day1K/Saved/FirstPersonProjectile_Auto186A04121412F382135223AA4AB85E1EE.tmp' to 'D:/KOC/Day1K/Saved/Autosaves/Game/FirstPersonBP/Blueprints/FirstPersonProjectile_Auto1.uasset'
[2017.07.10-18.32.58:669][109]LogSavePackage:Display: Finished SavePackage D:/KOC/Day1K/Saved/Autosaves/Game/FirstPersonBP/Blueprints/FirstPersonProjectile_Auto1.uasset
[2017.07.10-18.32.58:669][109]LogFileHelpers: Auto-saving content packages took 0.110
[2017.07.10-18.34.20:358][785]LogEditorTransaction: Undo Move Node
[2017.07.10-18.34.20:821][826]LogEditorTransaction: Undo Add Node
[2017.07.10-18.34.21:492][894]LogEditorTransaction: Undo Add Node
[2017.07.10-18.34.25:679][377]LogActorComponent: UnregisterComponent: (/Engine/Transient.EditorFloorComp) Not registered. Aborting.
[2017.07.10-18.35.44:227][668]LogPackageName:Warning: String asset reference "S_ClothTarps_03.SM.Mesh.S_ClothTarps_03" is in short form, which is unsupported and -- even if valid -- resolving it will be really slow. Please consider resaving package in order to speed-up loading.
[2017.07.10-18.35.44:316][668]LogPackageName:Warning: String asset reference "S_ClothTarps_03.SM.Mesh.S_ClothTarps_03" is in short form, which is unsupported and -- even if valid -- resolving it will be really slow. Please consider resaving package in order to speed-up loading.
[2017.07.10-18.35.44:316][668]LogPackageName: SearchForPackageOnDisk took   0.089s, but failed to resolve S_ClothTarps_03.
[2017.07.10-18.35.44:316][668]LogPackageName:Warning: String asset reference "S_ClothTarps_03.SM.Mesh.S_ClothTarps_03" could not be resolved.
[2017.07.10-18.35.44:361][669]LogPackageName: SearchForPackageOnDisk took   0.089s, but failed to resolve S_ClothTarps_03.
[2017.07.10-18.35.44:361][669]LogPackageName:Warning: String asset reference "S_ClothTarps_03.SM.Mesh.S_ClothTarps_03" could not be resolved.
[2017.07.10-18.36.34:241][557]LogTexture:Display: Building textures: WhiteSquareTexture (AutoDXT)
[2017.07.10-18.36.34:246][557]LogMaterial: Missing cached shader map for material LayerVisMaterial, compiling. 
[2017.07.10-18.36.34:267][557]LogMaterial: Missing cached shader map for material SelectBrushMaterial, compiling. 
[2017.07.10-18.36.34:291][557]LogMaterial: Missing cached shader map for material SelectBrushMaterial, compiling. 
[2017.07.10-18.36.34:323][557]LogMaterial: Missing cached shader map for material MaskBrushMaterial, compiling. 
[2017.07.10-18.36.34:352][557]LogMaterial: Missing cached shader map for material LandscapeLayerUsageMaterial, compiling. 
[2017.07.10-18.36.34:391][557]LogMaterial: Missing cached shader map for material CircleBrushMaterial, compiling. 
[2017.07.10-18.36.34:412][557]LogMaterial: Missing cached shader map for material CircleBrushMaterial, compiling. 
[2017.07.10-18.36.34:436][557]LogMaterial: Missing cached shader map for material CircleBrushMaterial, compiling. 
[2017.07.10-18.36.34:460][557]LogMaterial: Missing cached shader map for material CircleBrushMaterial, compiling. 
[2017.07.10-18.36.34:489][557]LogMaterial: Missing cached shader map for material AlphaBrushMaterial, compiling. 
[2017.07.10-18.36.34:513][557]LogMaterial: Missing cached shader map for material CircleBrushMaterial, compiling. 
[2017.07.10-18.36.34:537][557]LogMaterial: Missing cached shader map for material MaskBrushMaterial, compiling. 
[2017.07.10-18.36.34:563][557]LogTexture:Display: Building textures: Texture2D_2 (G8)
[2017.07.10-18.36.34:567][557]LogTexture:Display: Building textures: LandscapeThumbnailWeightmap (BGRA8)
[2017.07.10-18.36.34:569][557]LogTexture:Display: Building textures: LandscapeThumbnailHeightmap (BGRA8)
[2017.07.10-18.36.51:199][383]LogTemp: Repeting last play command: Selected Viewport
[2017.07.10-18.36.51:215][383]LogBlueprintUserMessages: Early PlayInEditor Detection: Level '/Game/FirstPersonBP/Maps/FirstPersonExampleMap.FirstPersonExampleMap:PersistentLevel' has LevelScriptBlueprint '/Game/FirstPersonBP/Maps/FirstPersonExampleMap.FirstPersonExampleMap:PersistentLevel.FirstPersonExampleMap' with GeneratedClass '/Game/FirstPersonBP/Maps/FirstPersonExampleMap.FirstPersonExampleMap_C' with ClassGeneratedBy '/Game/FirstPersonBP/Maps/FirstPersonExampleMap.FirstPersonExampleMap:PersistentLevel.FirstPersonExampleMap'
[2017.07.10-18.36.51:216][383]BlueprintLog: New page: Pre-Play auto-recompile
[2017.07.10-18.36.51:216][383]LogPlayLevel: [PlayLevel] Compiling FirstPersonCharacter before play...
[2017.07.10-18.36.51:620][383]LogPlayLevel: PlayLevel: Blueprint regeneration took 404 ms (1 blueprints)
[2017.07.10-18.36.51:620][383]PIE: New page: PIE session: FirstPersonExampleMap (Jul 10, 2017, 10:36:51 AM)
[2017.07.10-18.36.51:620][383]LogPlayLevel: Creating play world package: /Game/FirstPersonBP/Maps/UEDPIE_0_FirstPersonExampleMap
[2017.07.10-18.36.51:653][383]LogPlayLevel: PIE: StaticDuplicateObject took: (0.033011s)
[2017.07.10-18.36.51:654][383]LogAIModule: Creating AISystem for world FirstPersonExampleMap
[2017.07.10-18.36.51:654][383]LogPlayLevel: PIE: World Init took: (0.000980s)
[2017.07.10-18.36.51:654][383]LogPlayLevel: PIE: Created PIE world by copying editor world from /Game/FirstPersonBP/Maps/FirstPersonExampleMap.FirstPersonExampleMap to /Game/FirstPersonBP/Maps/UEDPIE_0_FirstPersonExampleMap.FirstPersonExampleMap (0.034284s)
[2017.07.10-18.36.51:706][383]LogInit: XAudio2 using 'Alienware2210-C (NVIDIA High Definition Audio)' : 2 channels at 48 kHz using 16 bits per sample (channel mask 0x3)
[2017.07.10-18.36.51:713][383]LogInit: FAudioDevice initialized.
[2017.07.10-18.36.51:753][383]LogLoad: Game class is 'FirstPersonGameMode_C'
[2017.07.10-18.36.51:758][383]LogWorld: Bringing World /Game/FirstPersonBP/Maps/UEDPIE_0_FirstPersonExampleMap.FirstPersonExampleMap up for play (max tick rate 0) at 2017.07.10-14.36.51
[2017.07.10-18.36.51:758][383]LogWorld: Bringing up level for play took: 0.003991
[2017.07.10-18.36.51:760][383]PIE: Info Play in editor start time for /Game/FirstPersonBP/Maps/UEDPIE_0_FirstPersonExampleMap -0.375
[2017.07.10-18.36.51:760][383]LogBlueprintUserMessages: Late PlayInEditor Detection: Level '/Game/FirstPersonBP/Maps/FirstPersonExampleMap.FirstPersonExampleMap:PersistentLevel' has LevelScriptBlueprint '/Game/FirstPersonBP/Maps/FirstPersonExampleMap.FirstPersonExampleMap:PersistentLevel.FirstPersonExampleMap' with GeneratedClass '/Game/FirstPersonBP/Maps/FirstPersonExampleMap.FirstPersonExampleMap_C' with ClassGeneratedBy '/Game/FirstPersonBP/Maps/FirstPersonExampleMap.FirstPersonExampleMap:PersistentLevel.FirstPersonExampleMap'
[2017.07.10-18.37.39:017][982]LogBlueprintUserMessages: Early EndPlayMap Detection: Level '/Game/FirstPersonBP/Maps/FirstPersonExampleMap.FirstPersonExampleMap:PersistentLevel' has LevelScriptBlueprint '/Game/FirstPersonBP/Maps/FirstPersonExampleMap.FirstPersonExampleMap:PersistentLevel.FirstPersonExampleMap' with GeneratedClass '/Game/FirstPersonBP/Maps/FirstPersonExampleMap.FirstPersonExampleMap_C' with ClassGeneratedBy '/Game/FirstPersonBP/Maps/FirstPersonExampleMap.FirstPersonExampleMap:PersistentLevel.FirstPersonExampleMap'
[2017.07.10-18.37.39:058][982]LogBlueprintUserMessages: Late EndPlayMap Detection: Level '/Game/FirstPersonBP/Maps/FirstPersonExampleMap.FirstPersonExampleMap:PersistentLevel' has LevelScriptBlueprint '/Game/FirstPersonBP/Maps/FirstPersonExampleMap.FirstPersonExampleMap:PersistentLevel.FirstPersonExampleMap' with GeneratedClass '/Game/FirstPersonBP/Maps/FirstPersonExampleMap.FirstPersonExampleMap_C' with ClassGeneratedBy '/Game/FirstPersonBP/Maps/FirstPersonExampleMap.FirstPersonExampleMap:PersistentLevel.FirstPersonExampleMap'
[2017.07.10-18.37.45:930][214]LogPackageName:Warning: String asset reference "S_ClothTarps_03.SM.Mesh.S_ClothTarps_03" is in short form, which is unsupported and -- even if valid -- resolving it will be really slow. Please consider resaving package in order to speed-up loading.
[2017.07.10-18.37.46:006][214]LogPackageName: SearchForPackageOnDisk took   0.076s, but failed to resolve S_ClothTarps_03.
[2017.07.10-18.37.46:007][214]LogPackageName:Warning: String asset reference "S_ClothTarps_03.SM.Mesh.S_ClothTarps_03" could not be resolved.
[2017.07.10-18.38.04:226][ 50]LogTexture:Display: Building textures: T_Plains_Fern01_D (AutoDXT)
[2017.07.10-18.38.09:159][ 50]LogTexture:Display: Building textures: T_Plains_Fern01_N (AutoDXT)
[2017.07.10-18.38.12:938][ 50]LogStaticMesh: Building static mesh SM_Plains_Fern02...
[2017.07.10-18.38.13:005][ 50]LogStaticMesh: Built static mesh [0.07s] /Game/InfinityBladeGrassLands/Environments/Plains/Env_Plains_Flora/StaticMesh/SM_Plains_Fern02.SM_Plains_Fern02
[2017.07.10-18.38.13:012][ 50]LogStaticMesh: Building static mesh SM_Plains_CastleArch_01...
[2017.07.10-18.38.13:040][ 50]LogStaticMesh: Built static mesh [0.03s] /Game/InfinityBladeGrassLands/Environments/Plains/Env_Plains_Ruins/StaticMesh/SM_Plains_CastleArch_01.SM_Plains_CastleArch_01
[2017.07.10-18.38.13:044][ 50]LogStaticMesh: Building static mesh SM_Plains_CastleArch_02...
[2017.07.10-18.38.13:097][ 50]LogStaticMesh: Built static mesh [0.05s] /Game/InfinityBladeGrassLands/Environments/Plains/Env_Plains_Ruins/StaticMesh/SM_Plains_CastleArch_02.SM_Plains_CastleArch_02
[2017.07.10-18.38.13:101][ 50]LogStaticMesh: Building static mesh SM_Plains_CastleWall_Curved_Ruin_01...
[2017.07.10-18.38.13:134][ 50]LogStaticMesh: Built static mesh [0.03s] /Game/InfinityBladeGrassLands/Environments/Plains/Env_Plains_Ruins/StaticMesh/SM_Plains_CastleWall_Curved_Ruin_01.SM_Plains_CastleWall_Curved_Ruin_01
[2017.07.10-18.38.13:138][ 50]LogStaticMesh: Building static mesh SM_Plains_CastleTower_Ruin_01...
[2017.07.10-18.38.13:159][ 50]LogStaticMesh: Built static mesh [0.02s] /Game/InfinityBladeGrassLands/Environments/Plains/Env_Plains_Ruins/StaticMesh/SM_Plains_CastleTower_Ruin_01.SM_Plains_CastleTower_Ruin_01
[2017.07.10-18.38.13:164][ 50]LogStaticMesh: Building static mesh SM_Plains_CastleTower_01...
[2017.07.10-18.38.13:220][ 50]LogStaticMesh: Built static mesh [0.06s] /Game/InfinityBladeGrassLands/Environments/Plains/Env_Plains_Ruins/StaticMesh/SM_Plains_CastleTower_01.SM_Plains_CastleTower_01
[2017.07.10-18.38.13:224][ 50]LogStaticMesh: Building static mesh SM_Plains_CastleDoorArch_01...
[2017.07.10-18.38.13:236][ 50]LogStaticMesh: Built static mesh [0.01s] /Game/InfinityBladeGrassLands/Environments/Plains/Env_Plains_Ruins/StaticMesh/SM_Plains_CastleDoorArch_01.SM_Plains_CastleDoorArch_01
[2017.07.10-18.38.13:241][ 50]LogStaticMesh: Building static mesh SM_Plains_CastleTower_Ruin_02...
[2017.07.10-18.38.13:285][ 50]LogStaticMesh: Built static mesh [0.04s] /Game/InfinityBladeGrassLands/Environments/Plains/Env_Plains_Ruins/StaticMesh/SM_Plains_CastleTower_Ruin_02.SM_Plains_CastleTower_Ruin_02
[2017.07.10-18.38.13:291][ 50]LogStaticMesh: Building static mesh SM_Plains_Column_Large_Broken_01...
[2017.07.10-18.38.13:333][ 50]LogStaticMesh: Built static mesh [0.04s] /Game/InfinityBladeGrassLands/Environments/Plains/Env_Plains_Ruins/StaticMesh/SM_Plains_Column_Large_Broken_01.SM_Plains_Column_Large_Broken_01
[2017.07.10-18.38.13:361][ 50]LogTexture:Display: Building textures: T_Plains_Terrain_Floors01_N (BC5)
[2017.07.10-18.38.13:485][ 50]LogStaticMesh: Building static mesh SM_Plains_Column_Large_01...
[2017.07.10-18.38.13:515][ 50]LogStaticMesh: Built static mesh [0.03s] /Game/InfinityBladeGrassLands/Environments/Plains/Env_Plains_Ruins/StaticMesh/SM_Plains_Column_Large_01.SM_Plains_Column_Large_01
[2017.07.10-18.38.13:519][ 50]LogStaticMesh: Building static mesh SM_Plains_CastleWall_Support_01...
[2017.07.10-18.38.13:529][ 50]LogStaticMesh: Built static mesh [0.01s] /Game/InfinityBladeGrassLands/Environments/Plains/Env_Plains_Ruins/StaticMesh/SM_Plains_CastleWall_Support_01.SM_Plains_CastleWall_Support_01
[2017.07.10-18.38.13:533][ 50]LogStaticMesh: Building static mesh SM_Plains_Angel_Statue_01_nobase_torch...
[2017.07.10-18.38.13:556][ 50]LogStaticMesh: Built static mesh [0.02s] /Game/InfinityBladeGrassLands/Environments/Plains/Env_Plains_Statues/StaticMesh/SM_Plains_Angel_Statue_01_nobase_torch.SM_Plains_Angel_Statue_01_nobase_torch
[2017.07.10-18.38.13:565][ 50]LogStaticMesh: Building static mesh SM_Plains_Angel_Statue_01_nobase...
[2017.07.10-18.38.13:587][ 50]LogStaticMesh: Built static mesh [0.02s] /Game/InfinityBladeGrassLands/Environments/Plains/Env_Plains_Statues/StaticMesh/SM_Plains_Angel_Statue_01_nobase.SM_Plains_Angel_Statue_01_nobase
[2017.07.10-18.38.13:592][ 50]LogStaticMesh: Building static mesh SM_Plains_Man_Statue_01...
[2017.07.10-18.38.13:621][ 50]LogStaticMesh: Built static mesh [0.03s] /Game/InfinityBladeGrassLands/Environments/Plains/Env_Plains_Statues/StaticMesh/SM_Plains_Man_Statue_01.SM_Plains_Man_Statue_01
[2017.07.10-18.38.13:630][ 50]LogStaticMesh: Building static mesh SM_Plains_Man_Statue_01_torch...
[2017.07.10-18.38.13:658][ 50]LogStaticMesh: Built static mesh [0.03s] /Game/InfinityBladeGrassLands/Environments/Plains/Env_Plains_Statues/StaticMesh/SM_Plains_Man_Statue_01_torch.SM_Plains_Man_Statue_01_torch
[2017.07.10-18.38.13:820][ 50]LogTexture:Display: Building textures: T_Plains_Ruins_Cage_D (AutoDXT)
[2017.07.10-18.38.18:868][ 50]LogTexture:Display: Building textures: T_Plains_Ruins_Cage_N (BC5)
[2017.07.10-18.38.19:544][ 50]LogMaterial: Missing cached shader map for material M_Plains_Cage, compiling. 
[2017.07.10-18.38.19:584][ 50]LogStaticMesh: Building static mesh SM_Plains_Ruins_Cage_Broken_02...
[2017.07.10-18.38.19:607][ 50]LogStaticMesh: Built static mesh [0.02s] /Game/InfinityBladeGrassLands/Environments/Plains/Env_Plains_Ruins/StaticMesh/SM_Plains_Ruins_Cage_Broken_02.SM_Plains_Ruins_Cage_Broken_02
[2017.07.10-18.38.19:615][ 50]LogTexture:Display: Building textures: T_Exo_Crate_Open_N (AutoDXT)
[2017.07.10-18.38.19:711][ 50]LogStaticMesh: Building static mesh SM_Exo_Crate_Open_Intact...
[2017.07.10-18.38.19:740][ 50]LogStaticMesh: Built static mesh [0.03s] /Game/InfinityBladeGrassLands/Environments/Misc/Exo_Deco01/StaticMesh/SM_Exo_Crate_Open_Intact.SM_Exo_Crate_Open_Intact
[2017.07.10-18.38.19:745][ 50]LogStaticMesh: Building static mesh SM_Exo_Crate_Open_Destroyed...
[2017.07.10-18.38.19:820][ 50]LogStaticMesh: Built static mesh [0.08s] /Game/InfinityBladeGrassLands/Environments/Misc/Exo_Deco01/StaticMesh/SM_Exo_Crate_Open_Destroyed.SM_Exo_Crate_Open_Destroyed
[2017.07.10-18.38.19:828][ 50]LogTexture:Display: Building textures: T_Exo_Crate_Open_D (AutoDXT)
[2017.07.10-18.38.19:924][ 50]LogStaticMesh: Building static mesh SM_Plains_Wall_Straight_01...
[2017.07.10-18.38.19:979][ 50]LogStaticMesh: Built static mesh [0.05s] /Game/InfinityBladeGrassLands/Environments/Plains/Env_Plains_Ruins/StaticMesh/SM_Plains_Wall_Straight_01.SM_Plains_Wall_Straight_01
[2017.07.10-18.38.19:983][ 50]LogStaticMesh: Building static mesh SM_Plains_Wall_Railing_01...
[2017.07.10-18.38.19:995][ 50]LogStaticMesh: Built static mesh [0.01s] /Game/InfinityBladeGrassLands/Environments/Plains/Env_Plains_Ruins/StaticMesh/SM_Plains_Wall_Railing_01.SM_Plains_Wall_Railing_01
[2017.07.10-18.38.20:057][ 50]LogTexture:Display: Building textures: T_Plains_Terrain_Floors01_D (AutoDXT)
[2017.07.10-18.38.21:908][ 50]LogMaterial: Missing cached shader map for material M_Plains_Floors_Block, compiling. 
[2017.07.10-18.38.21:935][ 50]LogStaticMesh: Building static mesh SM_Plains_ShortWall_Straight_01...
[2017.07.10-18.38.21:969][ 50]LogStaticMesh: Built static mesh [0.03s] /Game/InfinityBladeGrassLands/Environments/Plains/Env_Plains_Ruins/StaticMesh/SM_Plains_ShortWall_Straight_01.SM_Plains_ShortWall_Straight_01
[2017.07.10-18.38.21:970][ 50]LogStaticMesh: Building static mesh SM_Plains_ShortColumn_01...
[2017.07.10-18.38.21:991][ 50]LogStaticMesh: Built static mesh [0.02s] /Game/InfinityBladeGrassLands/Environments/Plains/Env_Plains_Ruins/StaticMesh/SM_Plains_ShortColumn_01.SM_Plains_ShortColumn_01
[2017.07.10-18.38.21:995][ 50]LogStaticMesh: Building static mesh SM_Plains_Column_Small_Broken_01...
[2017.07.10-18.38.22:016][ 50]LogStaticMesh: Built static mesh [0.02s] /Game/InfinityBladeGrassLands/Environments/Plains/Env_Plains_Ruins/StaticMesh/SM_Plains_Column_Small_Broken_01.SM_Plains_Column_Small_Broken_01
[2017.07.10-18.38.22:021][ 50]LogStaticMesh: Building static mesh SM_Plains_Column_Small_01...
[2017.07.10-18.38.22:053][ 50]LogStaticMesh: Built static mesh [0.03s] /Game/InfinityBladeGrassLands/Environments/Plains/Env_Plains_Ruins/StaticMesh/SM_Plains_Column_Small_01.SM_Plains_Column_Small_01
[2017.07.10-18.38.22:058][ 50]LogStaticMesh: Building static mesh SM_Plains_CastleWall_Ruin_02...
[2017.07.10-18.38.22:125][ 50]LogStaticMesh: Built static mesh [0.07s] /Game/InfinityBladeGrassLands/Environments/Plains/Env_Plains_Ruins/StaticMesh/SM_Plains_CastleWall_Ruin_02.SM_Plains_CastleWall_Ruin_02
[2017.07.10-18.38.22:130][ 50]LogStaticMesh: Building static mesh SM_Plains_CastleWall_Ruin_03...
[2017.07.10-18.38.22:194][ 50]LogStaticMesh: Built static mesh [0.06s] /Game/InfinityBladeGrassLands/Environments/Plains/Env_Plains_Ruins/StaticMesh/SM_Plains_CastleWall_Ruin_03.SM_Plains_CastleWall_Ruin_03
[2017.07.10-18.38.22:199][ 50]LogStaticMesh: Building static mesh SM_Plains_CastleWall_Ruin_01...
[2017.07.10-18.38.22:218][ 50]LogStaticMesh: Built static mesh [0.02s] /Game/InfinityBladeGrassLands/Environments/Plains/Env_Plains_Ruins/StaticMesh/SM_Plains_CastleWall_Ruin_01.SM_Plains_CastleWall_Ruin_01
[2017.07.10-18.38.22:223][ 50]LogStaticMesh: Building static mesh SM_Plains_CastleWall_Ruin_04...
[2017.07.10-18.38.22:245][ 50]LogStaticMesh: Built static mesh [0.02s] /Game/InfinityBladeGrassLands/Environments/Plains/Env_Plains_Ruins/StaticMesh/SM_Plains_CastleWall_Ruin_04.SM_Plains_CastleWall_Ruin_04
[2017.07.10-18.38.22:250][ 50]LogStaticMesh: Building static mesh SM_Env_Breakables_Box1_destroyed...
[2017.07.10-18.38.22:284][ 50]LogStaticMesh: Built static mesh [0.03s] /Game/InfinityBladeGrassLands/Environments/Breakables/StaticMesh/Box/SM_Env_Breakables_Box1_destroyed.SM_Env_Breakables_Box1_destroyed
[2017.07.10-18.38.22:302][ 50]LogTexture:Display: Building textures: T_Env_Breakables_BreakablesSnow_M (AutoDXT)
[2017.07.10-18.38.22:410][ 50]LogStaticMesh: Building static mesh SM_Env_Plains_Mountain_01...
[2017.07.10-18.38.22:439][ 50]LogStaticMesh: Built static mesh [0.03s] /Game/InfinityBladeGrassLands/Environments/Plains/Env_Plains_Background/StaticMesh/SM_Env_Plains_Mountain_01.SM_Env_Plains_Mountain_01
[2017.07.10-18.38.22:643][ 50]LogTexture:Display: Building textures: T_HardWood_Floor_D_NRM (BC5)
[2017.07.10-18.38.23:779][ 50]LogTexture:Display: Building textures: T_Env_Plains_Mountain01_D (AutoDXT)
[2017.07.10-18.38.30:267][ 50]LogTexture:Display: Building textures: T_Env_Plains_Mountain01_N (BC5)
[2017.07.10-18.38.30:996][ 50]LogMaterial: Missing cached shader map for material M_Env_Plains_Mountain01, compiling. 
[2017.07.10-18.38.31:021][ 50]LogStaticMesh: Building static mesh SM_Env_Breakables_GroupLg...
[2017.07.10-18.38.31:089][ 50]LogStaticMesh: Built static mesh [0.07s] /Game/InfinityBladeGrassLands/Environments/Breakables/StaticMesh/Objects/SM_Env_Breakables_GroupLg.SM_Env_Breakables_GroupLg
[2017.07.10-18.38.31:090][ 50]LogStaticMesh: Building static mesh SM_Env_Breakables_BoxesBITS...
[2017.07.10-18.38.31:185][ 50]LogStaticMesh: Built static mesh [0.10s] /Game/InfinityBladeGrassLands/Environments/Breakables/StaticMesh/Box/SM_Env_Breakables_BoxesBITS.SM_Env_Breakables_BoxesBITS
[2017.07.10-18.38.31:189][ 50]LogStaticMesh: Building static mesh SM_Env_Plains_Floors_Rubble05...
[2017.07.10-18.38.31:202][ 50]LogStaticMesh: Built static mesh [0.01s] /Game/InfinityBladeGrassLands/Environments/Plains/Env_Plains_Floors/StaticMesh/SM_Env_Plains_Floors_Rubble05.SM_Env_Plains_Floors_Rubble05
[2017.07.10-18.38.31:207][ 50]LogStaticMesh: Building static mesh SM_Plains_Floors_Block01...
[2017.07.10-18.38.31:238][ 50]LogStaticMesh: Built static mesh [0.03s] /Game/InfinityBladeGrassLands/Environments/Plains/Env_Plains_Floors/StaticMesh/SM_Plains_Floors_Block01.SM_Plains_Floors_Block01
[2017.07.10-18.38.31:243][ 50]LogStaticMesh: Building static mesh SM_Plains_Floors_Block02...
[2017.07.10-18.38.31:281][ 50]LogStaticMesh: Built static mesh [0.04s] /Game/InfinityBladeGrassLands/Environments/Plains/Env_Plains_Floors/StaticMesh/SM_Plains_Floors_Block02.SM_Plains_Floors_Block02
[2017.07.10-18.38.31:507][ 50]LogTexture:Display: Building textures: T_Ice_Ground_Rock01_N (AutoDXT)
[2017.07.10-18.38.37:305][ 50]LogTexture:Display: Building textures: T_Snow_Ice_Generic (AutoDXT)
[2017.07.10-18.38.42:668][ 50]LogTexture:Display: Building textures: T_Env_Snow_D (AutoDXT)
[2017.07.10-18.38.47:990][ 50]LogStaticMesh: Building static mesh SM_Plains_Floors_Flat02...
[2017.07.10-18.38.48:008][ 50]LogStaticMesh: Built static mesh [0.02s] /Game/InfinityBladeGrassLands/Environments/Plains/Env_Plains_Floors/StaticMesh/SM_Plains_Floors_Flat02.SM_Plains_Floors_Flat02
[2017.07.10-18.38.48:009][ 50]LogStaticMesh: Building static mesh SM_Plains_Floors_Flat01...
[2017.07.10-18.38.48:023][ 50]LogStaticMesh: Built static mesh [0.01s] /Game/InfinityBladeGrassLands/Environments/Plains/Env_Plains_Floors/StaticMesh/SM_Plains_Floors_Flat01.SM_Plains_Floors_Flat01
[2017.07.10-18.38.48:030][ 50]LogStaticMesh: Building static mesh SM_Plains_Floors_Rubble...
[2017.07.10-18.38.48:046][ 50]LogStaticMesh: Built static mesh [0.02s] /Game/InfinityBladeGrassLands/Environments/Plains/Env_Plains_Floors/StaticMesh/SM_Plains_Floors_Rubble.SM_Plains_Floors_Rubble
[2017.07.10-18.38.48:206][ 50]LogTexture:Display: Building textures: T_Plains_Tree01_D (AutoDXT)
[2017.07.10-18.38.54:259][ 50]LogTexture:Display: Building textures: T_Plains_Tree01_N (BC5)
[2017.07.10-18.38.54:812][ 50]LogMaterial: Missing cached shader map for material M_Plains_Tree_Stump01, compiling. 
[2017.07.10-18.38.54:830][ 50]LogStaticMesh: Building static mesh SM_Plains_Tree01...
[2017.07.10-18.38.54:905][ 50]LogStaticMesh: Built static mesh [0.07s] /Game/InfinityBladeGrassLands/Environments/Plains/Env_Plains_Flora/StaticMesh/SM_Plains_Tree01.SM_Plains_Tree01
[2017.07.10-18.38.54:966][ 50]LogTexture:Display: Building textures: T_Plains_FloorsTrim_N (BC5)
[2017.07.10-18.38.55:399][ 50]LogTexture:Display: Building textures: T_Plains_FloorsTrim_D (AutoDXT)
[2017.07.10-18.39.01:937][ 50]LogMaterial: Missing cached shader map for material M_Plains_FloorTrims, compiling. 
[2017.07.10-18.39.02:186][ 50]LogTexture:Display: Building textures: T_Plains_Rock02_N (BC5)
[2017.07.10-18.39.03:235][ 50]LogTexture:Display: Building textures: T_Plains_Rock02_D (AutoDXT)
[2017.07.10-18.39.09:726][ 50]LogMaterial: Missing cached shader map for material M_Plains_SmallRock, compiling. 
[2017.07.10-18.39.09:954][ 50]LogTexture:Display: Building textures: T_Plains_Angel_Statue_D (AutoDXT)
[2017.07.10-18.39.16:256][ 50]LogTexture:Display: Building textures: T_Plains_Angel_Statue_N (BC5)
[2017.07.10-18.39.17:017][ 50]LogTexture:Display: Building textures: T_Plains_Man_Statue_D (AutoDXT)
[2017.07.10-18.39.22:766][ 50]LogTexture:Display: Building textures: T_Plains_Man_Statue_N (BC5)
[2017.07.10-18.39.23:382][ 50]LogMaterial: Missing cached shader map for material M_Plains_Man_Statue, compiling. 
[2017.07.10-18.39.23:422][ 50]LogTexture:Display: Building textures: T_GroundCover_Leaf01_D (AutoDXT)
[2017.07.10-18.39.23:495][ 50]LogTexture:Display: Building textures: T_GroundCover_Leaf01_N (BC5)
[2017.07.10-18.39.23:507][ 50]LogMaterial: Missing cached shader map for material M_GroundCover_LEafy, compiling. 
[2017.07.10-18.39.23:579][ 50]LogStaticMesh: Building static mesh SM_GroundCover_Leafy01...
[2017.07.10-18.39.23:602][ 50]LogStaticMesh: Built static mesh [0.02s] /Game/InfinityBladeGrassLands/Environments/Earth/StaticMesh/SM_GroundCover_Leafy01.SM_GroundCover_Leafy01
[2017.07.10-18.39.23:647][ 50]LogTexture:Display: Building textures: T_Env_Ice_Deco2_Flag_D (AutoDXT)
[2017.07.10-18.39.25:118][ 50]LogMaterial: Missing cached shader map for material M_Env_Ice_Deco2_Flags, compiling. 
[2017.07.10-18.39.25:454][ 50]LogTexture:Display: Building textures: T_Plains_Ruins_Pillars_D (AutoDXT)
[2017.07.10-18.39.33:703][ 50]LogTexture:Display: Building textures: T_Plains_Ruins_Pillars_N (BC5)
[2017.07.10-18.39.34:912][ 50]LogTexture:Display: Building textures: T_Plains_ExtCastle_StoneWall_01_D (AutoDXT)
[2017.07.10-18.39.42:854][ 50]LogTexture:Display: Building textures: T_Plains_ExtCastle_StoneWall_01_N (BC5)
[2017.07.10-18.39.43:687][ 50]LogMaterial: Missing cached shader map for material M_Plains_StoneWall, compiling. 
[2017.07.10-18.39.43:778][ 50]LogTexture:Display: Building textures: T_Plains_Ruins_Pillars_M (AutoDXT)
[2017.07.10-18.39.44:196][ 50]LogStaticMesh: Building static mesh SM_Env_Breakables_Boxes...
[2017.07.10-18.39.44:237][ 50]LogStaticMesh: Built static mesh [0.04s] /Game/InfinityBladeGrassLands/Environments/Breakables/StaticMesh/Box/SM_Env_Breakables_Boxes.SM_Env_Breakables_Boxes
[2017.07.10-18.39.44:239][ 50]LogStaticMesh: Building static mesh SM_LeavePiles_01...
[2017.07.10-18.39.44:249][ 50]LogStaticMesh: Built static mesh [0.01s] /Game/InfinityBladeGrassLands/Environments/Earth/StaticMesh/SM_LeavePiles_01.SM_LeavePiles_01
[2017.07.10-18.39.44:303][ 50]LogTexture:Display: Building textures: T_Plains_Cliff01 (AutoDXT)
[2017.07.10-18.39.46:284][ 50]LogStaticMesh: Building static mesh SM_Plains_SmallRock01...
[2017.07.10-18.39.46:302][ 50]LogStaticMesh: Built static mesh [0.02s] /Game/InfinityBladeGrassLands/Environments/Plains/Env_Plains_Organic/StaticMesh/SM_Plains_SmallRock01.SM_Plains_SmallRock01
[2017.07.10-18.39.46:307][ 50]LogStaticMesh: Building static mesh SM_WoodenBarrel_Damaged...
[2017.07.10-18.39.46:378][ 50]LogStaticMesh: Built static mesh [0.07s] /Game/InfinityBladeGrassLands/Environments/Misc/Exo_Deco01/StaticMesh/SM_WoodenBarrel_Damaged.SM_WoodenBarrel_Damaged
[2017.07.10-18.39.46:396][ 50]LogTexture:Display: Building textures: T_WoodenBarrel_01_D (AutoDXT)
[2017.07.10-18.39.46:866][ 50]LogTexture:Display: Building textures: T_WoodenBarrel_01_N (BC5)
[2017.07.10-18.39.46:912][ 50]LogMaterial: Missing cached shader map for material M_WoodenBarrel_01, compiling. 
[2017.07.10-18.39.46:938][ 50]LogStaticMesh: Building static mesh SM_Plains_Ruins_Brazier_01...
[2017.07.10-18.39.47:061][ 50]LogStaticMesh: Built static mesh [0.12s] /Game/InfinityBladeGrassLands/Environments/Plains/Env_Plains_Ruins/StaticMesh/SM_Plains_Ruins_Brazier_01.SM_Plains_Ruins_Brazier_01
[2017.07.10-18.39.47:065][ 50]LogStaticMesh: Building static mesh SM_Plains_Column_Small_Broken_02...
[2017.07.10-18.39.47:097][ 50]LogStaticMesh: Built static mesh [0.03s] /Game/InfinityBladeGrassLands/Environments/Plains/Env_Plains_Ruins/StaticMesh/SM_Plains_Column_Small_Broken_02.SM_Plains_Column_Small_Broken_02
[2017.07.10-18.39.47:101][ 50]LogStaticMesh: Building static mesh SM_Plains_Ruin_BuildingLOD01...
[2017.07.10-18.39.47:115][ 50]LogStaticMesh: Built static mesh [0.01s] /Game/InfinityBladeGrassLands/Environments/Plains/Env_Plains_Ruins/StaticMesh/SM_Plains_Ruin_BuildingLOD01.SM_Plains_Ruin_BuildingLOD01
[2017.07.10-18.39.47:119][ 50]LogStaticMesh: Building static mesh SM_Plains_Ruin_BuildingLOD02...
[2017.07.10-18.39.47:132][ 50]LogStaticMesh: Built static mesh [0.01s] /Game/InfinityBladeGrassLands/Environments/Plains/Env_Plains_Ruins/StaticMesh/SM_Plains_Ruin_BuildingLOD02.SM_Plains_Ruin_BuildingLOD02
[2017.07.10-18.39.47:136][ 50]LogStaticMesh: Building static mesh SM_Plains_Ruin_BuildingLOD03...
[2017.07.10-18.39.47:148][ 50]LogStaticMesh: Built static mesh [0.01s] /Game/InfinityBladeGrassLands/Environments/Plains/Env_Plains_Ruins/StaticMesh/SM_Plains_Ruin_BuildingLOD03.SM_Plains_Ruin_BuildingLOD03
[2017.07.10-18.39.47:155][ 50]LogMaterial: Missing cached shader map for material M_Plains_Pillars, compiling. 
[2017.07.10-18.39.47:394][ 50]LogTexture:Display: Building textures: T_Plains_Ruins_Pillars_03_D (AutoDXT)
[2017.07.10-18.39.55:954][ 50]LogTexture:Display: Building textures: T_Plains_Ruins_Pillars_03_N (BC5)
[2017.07.10-18.39.56:876][ 50]LogMaterial: Missing cached shader map for material M_Plains_Pillars03, compiling. 
[2017.07.10-18.39.56:907][ 50]LogStaticMesh: Building static mesh ElvenRuins_Terrain...
[2017.07.10-18.39.56:939][ 50]LogStaticMesh: Built static mesh [0.03s] /Game/InfinityBladeGrassLands/Environments/Plains/Env_Plains_Terrain/ElvenRuins_Terrain.ElvenRuins_Terrain
[2017.07.10-18.39.56:942][ 50]LogStaticMesh: Building static mesh SM_Exo_Pew...
[2017.07.10-18.39.56:980][ 50]LogStaticMesh: Built static mesh [0.04s] /Game/InfinityBladeGrassLands/Environments/Misc/Exo_Deco02/StaticMesh/SM_Exo_Pew.SM_Exo_Pew
[2017.07.10-18.39.57:194][ 50]LogTexture:Display: Building textures: T_Decos_Door_Frame_D (AutoDXT)
[2017.07.10-18.40.04:420][ 50]LogTexture:Display: Building textures: T_Decos_Door_Frame_D_NRM (BC5)
[2017.07.10-18.40.05:133][ 50]LogMaterial: Missing cached shader map for material M_Decos_Door_Frame, compiling. 
[2017.07.10-18.40.05:156][ 50]LogStaticMesh: Building static mesh SM_WoodenBarrel_Destroyed...
[2017.07.10-18.40.05:226][ 50]LogStaticMesh: Built static mesh [0.07s] /Game/InfinityBladeGrassLands/Environments/Misc/Exo_Deco01/StaticMesh/SM_WoodenBarrel_Destroyed.SM_WoodenBarrel_Destroyed
[2017.07.10-18.40.05:231][ 50]LogStaticMesh: Building static mesh SM_WoodenBarrel_Intact...
[2017.07.10-18.40.05:260][ 50]LogStaticMesh: Built static mesh [0.03s] /Game/InfinityBladeGrassLands/Environments/Misc/Exo_Deco01/StaticMesh/SM_WoodenBarrel_Intact.SM_WoodenBarrel_Intact
[2017.07.10-18.40.05:264][ 50]LogStaticMesh: Building static mesh SM_Exo_Decos_Door02...
[2017.07.10-18.40.05:292][ 50]LogStaticMesh: Built static mesh [0.03s] /Game/InfinityBladeGrassLands/Environments/Misc/Exo_Deco02/StaticMesh/SM_Exo_Decos_Door02.SM_Exo_Decos_Door02
[2017.07.10-18.40.05:297][ 50]LogStaticMesh: Building static mesh SM_GroundCover_Leafy03...
[2017.07.10-18.40.05:310][ 50]LogStaticMesh: Built static mesh [0.01s] /Game/InfinityBladeGrassLands/Environments/Earth/StaticMesh/SM_GroundCover_Leafy03.SM_GroundCover_Leafy03
[2017.07.10-18.40.05:329][ 50]LogTexture:Display: Building textures: T_Exo_Cart_N (AutoDXT)
[2017.07.10-18.40.05:686][ 50]LogTexture:Display: Building textures: T_Exo_Cart_D (AutoDXT)
[2017.07.10-18.40.06:134][ 50]LogStaticMesh: Building static mesh SM_Exo_Crate_Open_Damaged...
[2017.07.10-18.40.06:304][ 50]LogStaticMesh: Built static mesh [0.17s] /Game/InfinityBladeGrassLands/Environments/Misc/Exo_Deco01/StaticMesh/SM_Exo_Crate_Open_Damaged.SM_Exo_Crate_Open_Damaged
[2017.07.10-18.40.06:311][ 50]LogMaterial: Missing cached shader map for material M_Exo_Crate_Open, compiling. 
[2017.07.10-18.40.06:383][ 50]LogTexture:Display: Building textures: T_Cherry_Tree_Flowers_D (AutoDXT)
[2017.07.10-18.40.07:639][ 50]LogTexture:Display: Building textures: T_Cherry_Tree_Flowers_N (BC5)
[2017.07.10-18.40.07:833][ 50]LogMaterial: Missing cached shader map for material M_Cherry_Tree, compiling. 
[2017.07.10-18.40.07:891][ 50]LogStaticMesh: Building static mesh SM_Cherry_Tree...
[2017.07.10-18.40.07:913][ 50]LogStaticMesh: Built static mesh [0.02s] /Game/InfinityBladeGrassLands/Environments/Earth/StaticMesh/SM_Cherry_Tree.SM_Cherry_Tree
[2017.07.10-18.40.07:916][ 50]LogStaticMesh: Building static mesh SM_Plains_CastleArch_Iron_Gate_01_Broken...
[2017.07.10-18.40.08:017][ 50]LogStaticMesh: Built static mesh [0.10s] /Game/InfinityBladeGrassLands/Environments/Plains/Env_Plains_Ruins/StaticMesh/SM_Plains_CastleArch_Iron_Gate_01_Broken.SM_Plains_CastleArch_Iron_Gate_01_Broken
[2017.07.10-18.40.08:226][ 50]LogTexture:Display: Building textures: T_Plains_Castle_Wroughtlron_D (AutoDXT)
[2017.07.10-18.40.15:119][ 50]LogStaticMesh: Building static mesh SM_Plains_CastleArch_03...
[2017.07.10-18.40.15:161][ 50]LogStaticMesh: Built static mesh [0.04s] /Game/InfinityBladeGrassLands/Environments/Plains/Env_Plains_Ruins/StaticMesh/SM_Plains_CastleArch_03.SM_Plains_CastleArch_03
[2017.07.10-18.40.15:162][ 50]LogStaticMesh: Building static mesh SM_Plains_CastleArch_Iron_Gate_02_Broken...
[2017.07.10-18.40.15:236][ 50]LogStaticMesh: Built static mesh [0.07s] /Game/InfinityBladeGrassLands/Environments/Plains/Env_Plains_Ruins/StaticMesh/SM_Plains_CastleArch_Iron_Gate_02_Broken.SM_Plains_CastleArch_Iron_Gate_02_Broken
[2017.07.10-18.40.15:504][ 50]LogTexture:Display: Building textures: T_Plains_Castle_Wroughtlron_N (BC5)
[2017.07.10-18.40.16:450][ 50]LogTexture:Display: Building textures: T_Decos_Door_M (AutoDXT)
[2017.07.10-18.40.16:635][ 50]LogTexture:Display: Building textures: T_Decos_Door_N (BC5)
[2017.07.10-18.40.16:843][ 50]LogStaticMesh: Building static mesh SM_Exo_Decos_Door04...
[2017.07.10-18.40.16:860][ 50]LogStaticMesh: Built static mesh [0.02s] /Game/InfinityBladeGrassLands/Environments/Misc/Exo_Deco02/StaticMesh/SM_Exo_Decos_Door04.SM_Exo_Decos_Door04
[2017.07.10-18.40.16:861][ 50]LogStaticMesh: Building static mesh SM_Exo_Decos_Door_Frame02...
[2017.07.10-18.40.16:876][ 50]LogStaticMesh: Built static mesh [0.01s] /Game/InfinityBladeGrassLands/Environments/Misc/Exo_Deco02/StaticMesh/SM_Exo_Decos_Door_Frame02.SM_Exo_Decos_Door_Frame02
[2017.07.10-18.40.16:881][ 50]LogStaticMesh: Building static mesh SM_Plains_Column_Large_Broken_03...
[2017.07.10-18.40.16:909][ 50]LogStaticMesh: Built static mesh [0.03s] /Game/InfinityBladeGrassLands/Environments/Plains/Env_Plains_Ruins/StaticMesh/SM_Plains_Column_Large_Broken_03.SM_Plains_Column_Large_Broken_03
[2017.07.10-18.40.16:913][ 50]LogStaticMesh: Building static mesh SM_Plains_Column_Mid_01...
[2017.07.10-18.40.16:933][ 50]LogStaticMesh: Built static mesh [0.02s] /Game/InfinityBladeGrassLands/Environments/Plains/Env_Plains_Ruins/StaticMesh/SM_Plains_Column_Mid_01.SM_Plains_Column_Mid_01
[2017.07.10-18.40.16:937][ 50]LogStaticMesh: Building static mesh SM_Plains_Column_Large_Broken_02...
[2017.07.10-18.40.16:958][ 50]LogStaticMesh: Built static mesh [0.02s] /Game/InfinityBladeGrassLands/Environments/Plains/Env_Plains_Ruins/StaticMesh/SM_Plains_Column_Large_Broken_02.SM_Plains_Column_Large_Broken_02
[2017.07.10-18.40.16:962][ 50]LogStaticMesh: Building static mesh SM_Plains_Floors_Block02_Broken...
[2017.07.10-18.40.16:980][ 50]LogStaticMesh: Built static mesh [0.02s] /Game/InfinityBladeGrassLands/Environments/Plains/Env_Plains_Floors/StaticMesh/SM_Plains_Floors_Block02_Broken.SM_Plains_Floors_Block02_Broken
[2017.07.10-18.40.16:985][ 50]LogStaticMesh: Building static mesh SM_Plains_Floors_Block03...
[2017.07.10-18.40.16:995][ 50]LogStaticMesh: Built static mesh [0.01s] /Game/InfinityBladeGrassLands/Environments/Plains/Env_Plains_Floors/StaticMesh/SM_Plains_Floors_Block03.SM_Plains_Floors_Block03
[2017.07.10-18.40.16:999][ 50]LogStaticMesh: Building static mesh SM_Plains_Floors_Block04...
[2017.07.10-18.40.17:011][ 50]LogStaticMesh: Built static mesh [0.01s] /Game/InfinityBladeGrassLands/Environments/Plains/Env_Plains_Floors/StaticMesh/SM_Plains_Floors_Block04.SM_Plains_Floors_Block04
[2017.07.10-18.40.17:202][ 50]LogTexture:Display: Building textures: T_Snow_Ice_Generic_NRM (BC5)
[2017.07.10-18.40.18:150][ 50]LogStaticMesh: Building static mesh SM_Plains_Tree_Branch02...
[2017.07.10-18.40.18:174][ 50]LogStaticMesh: Built static mesh [0.02s] /Game/InfinityBladeGrassLands/Environments/Plains/Env_Plains_Flora/StaticMesh/SM_Plains_Tree_Branch02.SM_Plains_Tree_Branch02
[2017.07.10-18.40.18:176][ 50]LogStaticMesh: Building static mesh SM_Plains_Tree_Branch01...
[2017.07.10-18.40.18:214][ 50]LogStaticMesh: Built static mesh [0.04s] /Game/InfinityBladeGrassLands/Environments/Plains/Env_Plains_Flora/StaticMesh/SM_Plains_Tree_Branch01.SM_Plains_Tree_Branch01
[2017.07.10-18.40.18:218][ 50]LogStaticMesh: Building static mesh SM_Plains_LargeRock02...
[2017.07.10-18.40.18:253][ 50]LogStaticMesh: Built static mesh [0.03s] /Game/InfinityBladeGrassLands/Environments/Plains/Env_Plains_Organic/StaticMesh/SM_Plains_LargeRock02.SM_Plains_LargeRock02
[2017.07.10-18.40.18:419][ 50]LogTexture:Display: Building textures: T_Plains_Rock01_N (BC5)
[2017.07.10-18.40.19:374][ 50]LogTexture:Display: Building textures: T_Plains_Ground01_N (BC5)
[2017.07.10-18.40.19:617][ 50]LogTexture:Display: Building textures: T_Plains_Ground01_D (AutoDXT)
[2017.07.10-18.40.21:297][ 50]LogStaticMesh: Building static mesh SM_Plains_LargeRock01...
[2017.07.10-18.40.21:314][ 50]LogStaticMesh: Built static mesh [0.02s] /Game/InfinityBladeGrassLands/Environments/Plains/Env_Plains_Organic/StaticMesh/SM_Plains_LargeRock01.SM_Plains_LargeRock01
[2017.07.10-18.40.21:318][ 50]LogStaticMesh: Building static mesh SM_Plains_Vine02...
[2017.07.10-18.40.21:335][ 50]LogStaticMesh: Built static mesh [0.02s] /Game/InfinityBladeGrassLands/Environments/Plains/Env_Plains_Flora/StaticMesh/SM_Plains_Vine02.SM_Plains_Vine02
[2017.07.10-18.40.21:475][ 50]LogTexture:Display: Building textures: T_Plains_Rock01_D (AutoDXT)
[2017.07.10-18.40.27:552][ 50]LogMaterial: Missing cached shader map for material M_Plains_LargeRock, compiling. 
[2017.07.10-18.40.27:571][ 50]LogStaticMesh: Building static mesh SM_Plains_Tree_Stump01...
[2017.07.10-18.40.27:596][ 50]LogStaticMesh: Built static mesh [0.03s] /Game/InfinityBladeGrassLands/Environments/Plains/Env_Plains_Flora/StaticMesh/SM_Plains_Tree_Stump01.SM_Plains_Tree_Stump01
[2017.07.10-18.40.27:683][ 50]LogTexture:Display: Building textures: T_ScreenDirt02_w (AutoDXT)
[2017.07.10-18.40.28:178][ 50]LogTexture:Display: Building textures: LUT_Morning (BGRA8)
[2017.07.10-18.40.28:216][ 50]LogTexture:Display: Building textures: T_Env_Breakables_Breakables_R (AutoDXT)
[2017.07.10-18.40.28:768][ 50]LogTexture:Display: Building textures: T_Env_Breakables_Breakables_N (AutoDXT)
[2017.07.10-18.40.30:654][ 50]LogTexture:Display: Building textures: T_Env_Breakables_Breakables_D (AutoDXT)
[2017.07.10-18.40.31:825][ 50]LogMaterial: Missing cached shader map for material M_Breakables_Barrels, compiling. 
[2017.07.10-18.40.31:845][ 50]LogStaticMesh: Building static mesh SM_Env_Breakables_Box1...
[2017.07.10-18.40.31:856][ 50]LogStaticMesh: Built static mesh [0.01s] /Game/InfinityBladeGrassLands/Environments/Breakables/StaticMesh/Box/SM_Env_Breakables_Box1.SM_Env_Breakables_Box1
[2017.07.10-18.40.31:899][ 50]LogTexture:Display: Building textures: T_Plains_Cliff001 (BC5)
[2017.07.10-18.40.32:103][ 50]LogStaticMesh: Building static mesh SM_Plains_LargeRock_SpireLOD5...
[2017.07.10-18.40.32:115][ 50]LogStaticMesh: Built static mesh [0.01s] /Game/InfinityBladeGrassLands/Environments/Plains/Env_Plains_Organic/StaticMesh/SM_Plains_LargeRock_SpireLOD5.SM_Plains_LargeRock_SpireLOD5
[2017.07.10-18.40.32:122][ 50]LogMaterial: Missing cached shader map for material M_Plains_Cliff1, compiling. 
[2017.07.10-18.40.32:148][ 50]LogStaticMesh: Building static mesh SM_Exo_Cart_Damaged...
[2017.07.10-18.40.32:437][ 50]LogStaticMesh: Built static mesh [0.29s] /Game/InfinityBladeGrassLands/Environments/Misc/Exo_Deco01/StaticMesh/SM_Exo_Cart_Damaged.SM_Exo_Cart_Damaged
[2017.07.10-18.40.32:444][ 50]LogMaterial: Missing cached shader map for material M_Exo_Cart, compiling. 
[2017.07.10-18.40.32:651][ 50]LogTexture:Display: Building textures: T_Env_Ice_Ground_Rock_4_N (BC5)
[2017.07.10-18.40.33:556][ 50]LogTexture:Display: Building textures: T_Snowy_Pine_Low (AutoDXT)
[2017.07.10-18.40.33:861][ 50]LogTexture:Display: Building textures: T_Snowy_Pine_Low_N (BC5)
[2017.07.10-18.40.33:908][ 50]LogMaterial: Missing cached shader map for material M_Pine_Low, compiling. 
[2017.07.10-18.40.33:960][ 50]LogStaticMesh: Building static mesh SM_Pine_Low_Cluster...
[2017.07.10-18.40.33:976][ 50]LogStaticMesh: Built static mesh [0.02s] /Game/InfinityBladeGrassLands/Environments/Misc/Exo_Deco01/StaticMesh/SM_Pine_Low_Cluster.SM_Pine_Low_Cluster
[2017.07.10-18.40.34:027][ 50]LogTexture:Display: Building textures: T_Grass01_D (AutoDXT)
[2017.07.10-18.40.36:173][ 50]LogTexture:Display: Building textures: T_Dirt_D (AutoDXT)
[2017.07.10-18.40.38:296][ 50]LogTexture:Display: Building textures: T_Grass02_D (AutoDXT)
